

Microchip Technology PIC18 LITE Macro Assembler V1.33 build 59893 
                                                                                               Mon Jan 12 19:58:19 2015

Microchip Technology Omniscient Code Generator (Lite mode) build 59893
     1                           	processor	18F4620
     2                           	fnconf	rparam,??,?,0
     3                           	opt	pw 120
     4                           	opt	lm
     5                           	psect	text0,global,reloc=2,class=CODE,delta=1
     6                           	psect	cinit,global,reloc=2,class=CODE,delta=1
     7                           	psect	cstackCOMRAM,global,class=COMRAM,space=1,delta=1
     8                           	psect	intsave_regs,global,class=BIGRAM,space=1,delta=1
     9                           	psect	rparam,global,class=COMRAM,space=1,delta=1
    10  0000                     _TMR0	set	4054
    11  0000                     _ADCON1	set	4033
    12  0000                     _LATB	set	3978
    13  0000                     _PORTB	set	3969
    14  0000                     _PORTBbits	set	3969
    15  0000                     _T0CON	set	4053
    16  0000                     _T0CONbits	set	4053
    17  0000                     _TMR0H	set	4055
    18  0000                     _TMR0L	set	4054
    19  0000                     _TRISB	set	3987
    20                           
    21 ;;
    22 ;;Main: autosize = 0, tempsize = 1, incstack = 0, save=0
    23 ;;
    24 ;; *************** function _main *****************
    25 ;; Defined at:
    26 ;;		line 14 in file "timer1.c"
    27 ;; Parameters:    Size  Location     Type
    28 ;;		None
    29 ;; Auto vars:     Size  Location     Type
    30 ;;		None
    31 ;; Return value:  Size  Location     Type
    32 ;;		None               void
    33 ;; Registers used:
    34 ;;		wreg, status,2, status,0
    35 ;; Tracked objects:
    36 ;;		On entry : 0/0
    37 ;;		On exit  : 0/0
    38 ;;		Unchanged: 0/0
    39 ;; Data sizes:     COMRAM   BANK0   BANK1   BANK2   BANK3   BANK4   BANK5   BANK6   BANK7   BANK8   BANK9  BANK10  BANK1
      +1  BANK12  BANK13  BANK14  BANK15
    40 ;;      Params:         0       0       0       0       0       0       0       0       0       0       0       0       
      +0       0       0       0       0
    41 ;;      Locals:         0       0       0       0       0       0       0       0       0       0       0       0       
      +0       0       0       0       0
    42 ;;      Temps:          1       0       0       0       0       0       0       0       0       0       0       0       
      +0       0       0       0       0
    43 ;;      Totals:         1       0       0       0       0       0       0       0       0       0       0       0       
      +0       0       0       0       0
    44 ;;Total ram usage:        1 bytes
    45 ;; This function calls:
    46 ;;		Nothing
    47 ;; This function is called by:
    48 ;;		Startup code after reset
    49 ;; This function uses a non-reentrant model
    50 ;;
    51                           
    52                           	psect	text0
    53  00FFB6                     __ptext0:
    54                           	opt stack 0
    55  00FFB6                     _main:
    56                           	opt stack 31
    57                           
    58                           ;timer1.c: 16: PORTB=0x00;
    59                           
    60                           ;incstack = 0
    61  00FFB6  0E00               	movlw	0
    62  00FFB8  6E81               	movwf	3969,c	;volatile
    63                           
    64                           ;timer1.c: 17: LATB=0x00;
    65  00FFBA  0E00               	movlw	0
    66  00FFBC  6E8A               	movwf	3978,c	;volatile
    67                           
    68                           ;timer1.c: 18: ADCON1=0x0F;
    69  00FFBE  0E0F               	movlw	15
    70  00FFC0  6EC1               	movwf	4033,c	;volatile
    71                           
    72                           ;timer1.c: 19: TRISB=0xCF;
    73  00FFC2  0ECF               	movlw	207
    74  00FFC4  6E93               	movwf	3987,c	;volatile
    75                           
    76                           ;timer1.c: 20: TMR0L=0x24;
    77  00FFC6  0E24               	movlw	36
    78  00FFC8  6ED6               	movwf	4054,c	;volatile
    79                           
    80                           ;timer1.c: 21: TMR0H=0xF4;
    81  00FFCA  0EF4               	movlw	244
    82  00FFCC  6ED7               	movwf	4055,c	;volatile
    83                           
    84                           ;timer1.c: 22: T0CON=0x03;
    85  00FFCE  0E03               	movlw	3
    86  00FFD0  6ED5               	movwf	4053,c	;volatile
    87                           
    88                           ;timer1.c: 23: T0CONbits.TMR0ON=1;
    89  00FFD2  8ED5               	bsf	4053,7,c	;volatile
    90  00FFD4                     l607:
    91                           
    92                           ;timer1.c: 25: {
    93                           ;timer1.c: 26: if(!TMR0)
    94  00FFD4  50D7               	movf	4055,w,c	;volatile
    95  00FFD6  10D6               	iorwf	4054,w,c	;volatile
    96  00FFD8  A4D8               	btfss	status,2,c
    97  00FFDA  D7FC               	goto	l607
    98                           
    99                           ;timer1.c: 27: {
   100                           ;timer1.c: 28: PORTBbits.RB5=!PORTBbits.RB5;
   101  00FFDC  BA81               	btfsc	3969,5,c	;volatile
   102  00FFDE  D002               	goto	u20
   103  00FFE0  0E01               	movlw	1
   104  00FFE2  D001               	goto	u26
   105  00FFE4                     u20:
   106  00FFE4  0E00               	movlw	0
   107  00FFE6                     u26:
   108  00FFE6  6E01               	movwf	??_main& (0+255),c
   109  00FFE8  3A01               	swapf	??_main,f,c
   110  00FFEA  4601               	rlncf	??_main,f,c
   111  00FFEC  5081               	movf	3969,w,c	;volatile
   112  00FFEE  1801               	xorwf	??_main,w,c
   113  00FFF0  0BDF               	andlw	-33
   114  00FFF2  1801               	xorwf	??_main,w,c
   115  00FFF4  6E81               	movwf	3969,c	;volatile
   116                           
   117                           ;timer1.c: 29: TMR0H=0xF4;
   118  00FFF6  0EF4               	movlw	244
   119  00FFF8  6ED7               	movwf	4055,c	;volatile
   120                           
   121                           ;timer1.c: 30: TMR0L=0x24;
   122  00FFFA  0E24               	movlw	36
   123  00FFFC  6ED6               	movwf	4054,c	;volatile
   124  00FFFE  D7EA               	goto	l607
   125  010000                     __end_of_main:
   126                           	opt stack 0
   127  0000                     status	equ	0xFD8
   128                           
   129                           	psect	cinit
   130  00FFB0                     __pcinit:
   131                           	opt stack 0
   132  00FFB0                     start_initialization:
   133                           	opt stack 0
   134  00FFB0                     __initialization:
   135                           	opt stack 0
   136  00FFB0                     end_of_initialization:
   137                           	opt stack 0
   138  00FFB0                     __end_of__initialization:
   139                           	opt stack 0
   140  00FFB0  0100               	movlb	0
   141  00FFB2  EFDB  F07F         	goto	_main	;jump to C main() function
   142                           status	equ	0xFD8
   143                           
   144                           	psect	cstackCOMRAM
   145  000001                     __pcstackCOMRAM:
   146                           	opt stack 0
   147  000001                     ??_main:
   148                           
   149                           ; 0 bytes @ 0x0
   150  000001                     	ds	1
   151                           status	equ	0xFD8
   152                           status	equ	0xFD8
   153                           
   154                           	psect	rparam
   155  0000                     status	equ	0xFD8


Data Sizes:
    Strings     0
    Constant    0
    Data        0
    BSS         0
    Persistent  0
    Stack       0

Auto Spaces:
    Space          Size  Autos    Used
    COMRAM          127      1       1
    BANK0           128      0       0
    BANK1           256      0       0
    BANK2           256      0       0
    BANK3           256      0       0
    BANK4           256      0       0
    BANK5           256      0       0
    BANK6           256      0       0
    BANK7           256      0       0
    BANK8           256      0       0
    BANK9           256      0       0
    BANK10          256      0       0
    BANK11          256      0       0
    BANK12          256      0       0
    BANK13          256      0       0
    BANK14          256      0       0
    BANK15          128      0       0

Pointer List with Targets:

    None.

Critical Paths under _main in COMRAM

    None.

Critical Paths under _main in BANK0

    None.

Critical Paths under _main in BANK1

    None.

Critical Paths under _main in BANK2

    None.

Critical Paths under _main in BANK3

    None.

Critical Paths under _main in BANK4

    None.

Critical Paths under _main in BANK5

    None.

Critical Paths under _main in BANK6

    None.

Critical Paths under _main in BANK7

    None.

Critical Paths under _main in BANK8

    None.

Critical Paths under _main in BANK9

    None.

Critical Paths under _main in BANK10

    None.

Critical Paths under _main in BANK11

    None.

Critical Paths under _main in BANK12

    None.

Critical Paths under _main in BANK13

    None.

Critical Paths under _main in BANK14

    None.

Critical Paths under _main in BANK15

    None.

Call Graph Tables:

 ---------------------------------------------------------------------------------
 (Depth) Function   	        Calls       Base Space   Used Autos Params    Refs
 ---------------------------------------------------------------------------------
 (0) _main                                                 1     1      0       0
                                              0 COMRAM     1     1      0
 ---------------------------------------------------------------------------------
 Estimated maximum stack depth 0
 ---------------------------------------------------------------------------------

 Call Graph Graphs:

 _main (ROOT)

 Address spaces:
Name               Size   Autos  Total    Cost      Usage
BITCOMRAM           7F      0       0       0        0.0%
EEDATA             400      0       0       0        0.0%
NULL                 0      0       0       0        0.0%
CODE                 0      0       0       0        0.0%
COMRAM              7F      1       1       1        0.8%
STACK                0      0       0       2        0.0%
DATA                 0      0       0       3        0.0%
BITBANK0            80      0       0       4        0.0%
BANK0               80      0       0       5        0.0%
BITBANK1           100      0       0       6        0.0%
BANK1              100      0       0       7        0.0%
BITBANK2           100      0       0       8        0.0%
BANK2              100      0       0       9        0.0%
BITBANK3           100      0       0      10        0.0%
BANK3              100      0       0      11        0.0%
BITBANK4           100      0       0      12        0.0%
BANK4              100      0       0      13        0.0%
BITBANK5           100      0       0      14        0.0%
BANK5              100      0       0      15        0.0%
BITBANK6           100      0       0      16        0.0%
BANK6              100      0       0      17        0.0%
BITBANK7           100      0       0      18        0.0%
BANK7              100      0       0      19        0.0%
BITBANK8           100      0       0      20        0.0%
BANK8              100      0       0      21        0.0%
BITBANK9           100      0       0      22        0.0%
BANK9              100      0       0      23        0.0%
BITBANK10          100      0       0      24        0.0%
BANK10             100      0       0      25        0.0%
BITBANK11          100      0       0      26        0.0%
BANK11             100      0       0      27        0.0%
BITBANK12          100      0       0      28        0.0%
BANK12             100      0       0      29        0.0%
BITBANK13          100      0       0      30        0.0%
BANK13             100      0       0      31        0.0%
BITBANK14          100      0       0      32        0.0%
BANK14             100      0       0      33        0.0%
ABS                  0      0       0      34        0.0%
BITBANK15           80      0       0      35        0.0%
BANK15              80      0       0      36        0.0%
BIGRAM             F7F      0       0      37        0.0%
BITSFR               0      0       0      40        0.0%
SFR                  0      0       0      40        0.0%


Microchip Technology PIC18 Macro Assembler V1.33 build 59893 
Symbol Table                                                                                   Mon Jan 12 19:58:19 2015

                     u20 FFE4                       u26 FFE6              __CFG_BORV$3 000000  
           __CFG_CP0$OFF 000000             __CFG_CP1$OFF 000000             __CFG_CP2$OFF 000000  
           __CFG_CP3$OFF 000000                      l607 FFD4             __CFG_CPB$OFF 000000  
           __CFG_CPD$OFF 000000             __CFG_LVP$OFF 000000             __CFG_WDT$OFF 000000  
                   _LATB 000F8A                     _TMR0 000FD6                     _main FFB6  
                   start 0000            __CFG_IESO$OFF 000000            __CFG_MCLRE$ON 000000  
                  ?_main 0001                    _T0CON 000FD5                    _TMR0H 000FD7  
                  _TMR0L 000FD6                    _PORTB 000F81                    _TRISB 000F93  
          __CFG_PWRT$OFF 000000            __CFG_WRT0$OFF 000000            __CFG_WRT1$OFF 000000  
          __CFG_WRT2$OFF 000000            __CFG_WRT3$OFF 000000           __CFG_EBTR0$OFF 000000  
         __CFG_FCMEN$OFF 000000           __CFG_EBTR1$OFF 000000           __CFG_EBTR2$OFF 000000  
         __CFG_EBTR3$OFF 000000            __CFG_WRTB$OFF 000000            __CFG_WRTC$OFF 000000  
          __CFG_WRTD$OFF 000000           __CFG_EBTRB$OFF 000000           __CFG_BOREN$OFF 000000  
                  status 000FD8          __initialization FFB0             __end_of_main 0000  
                 ??_main 0001            __activetblptr 000000                   _ADCON1 000FC1  
         __CFG_XINST$OFF 000000           __CFG_STVREN$ON 000000               __accesstop 0080  
__end_of__initialization FFB0          __CFG_PBADEN$OFF 000000           __pcstackCOMRAM 0001  
                __Hparam 0000                  __Lparam 0000                  __pcinit FFB0  
                __ramtop 1000                  __ptext0 FFB6                _T0CONbits 000FD5  
   end_of_initialization FFB0                _PORTBbits 000F81      start_initialization FFB0  
       __CFG_OSC$INTIO67 000000         __CFG_LPT1OSC$OFF 000000        __CFG_CCP2MX$PORTC 000000  
       __CFG_WDTPS$32768 000000                 __Hrparam 0000                 __Lrparam 0000  
          __size_of_main 004A  
