

Microchip Technology PIC18 LITE Macro Assembler V1.33 build 59893 
                                                                                               Wed Jan 28 18:03:04 2015

Microchip Technology Omniscient Code Generator (Lite mode) build 59893
     1                           	processor	18F4620
     2                           	fnconf	rparam,??,?,0
     3                           	opt	pw 120
     4                           	opt	lm
     5                           	psect	intcode_body,global,reloc=2,class=CODE,delta=1
     6                           	psect	cinit,global,reloc=2,class=CODE,delta=1
     7                           	psect	bssCOMRAM,global,class=COMRAM,space=1,delta=1
     8                           	psect	cstackCOMRAM,global,class=COMRAM,space=1,delta=1
     9                           	psect	text0,global,reloc=2,class=CODE,delta=1
    10                           	psect	text1,global,reloc=2,class=CODE,delta=1
    11                           	psect	text2,global,reloc=2,class=CODE,delta=1
    12                           	psect	text3,global,reloc=2,class=CODE,delta=1
    13                           	psect	intcode,global,reloc=2,class=CODE,delta=1
    14                           	psect	intsave_regs,global,class=BIGRAM,space=1,delta=1
    15                           	psect	rparam,global,class=COMRAM,space=1,delta=1
    16  0000                     _ADCON1	set	4033
    17  0000                     _INTCON	set	4082
    18  0000                     _INTCON3	set	4080
    19  0000                     _INTCON3bits	set	4080
    20  0000                     _INTCONbits	set	4082
    21  0000                     _LATB	set	3978
    22  0000                     _PORTB	set	3969
    23  0000                     _PORTBbits	set	3969
    24  0000                     _T0CON	set	4053
    25  0000                     _T0CONbits	set	4053
    26  0000                     _TMR0H	set	4055
    27  0000                     _TMR0L	set	4054
    28  0000                     _TRISB	set	3987
    29                           
    30                           	psect	intcode_body
    31  00001C                     __pintcode_body:
    32                           	opt stack 0
    33                           
    34                           ; #config settings
    35  00001C                     int_func:
    36                           	opt stack 29
    37  00001C  0006               	pop		; remove dummy address from shadow register refresh
    38  00001E  CFEA F004          	movff	fsr0h,??_ISR+3
    39  000022  CFE1 F005          	movff	fsr1l,??_ISR+4
    40  000026  CFE2 F006          	movff	fsr1h,??_ISR+5
    41  00002A  CFD9 F007          	movff	fsr2l,??_ISR+6
    42  00002E  CFDA F008          	movff	fsr2h,??_ISR+7
    43  000032  CFF3 F009          	movff	prodl,??_ISR+8
    44  000036  CFF4 F00A          	movff	prodh,??_ISR+9
    45  00003A  CFF6 F00B          	movff	tblptrl,??_ISR+10
    46  00003E  CFF7 F00C          	movff	tblptrh,??_ISR+11
    47  000042  CFF8 F00D          	movff	tblptru,??_ISR+12
    48  000046  CFF5 F00E          	movff	tablat,??_ISR+13
    49                           
    50                           ;own.c: 172: if(INTCON3bits.INT1IF){
    51  00004A  A0F0               	btfss	intcon3,0,c	;volatile
    52  00004C  D01E               	goto	i2l789
    53                           
    54                           ;own.c: 173: if(beatFlag == 0){
    55  00004E  5014               	movf	_beatFlag+1,w,c
    56  000050  1013               	iorwf	_beatFlag,w,c
    57  000052  A4D8               	btfss	status,2,c
    58  000054  D008               	goto	i2l777
    59                           
    60                           ;own.c: 174: beatFlag=1;
    61  000056  0E00               	movlw	0
    62  000058  6E14               	movwf	_beatFlag+1,c
    63  00005A  0E01               	movlw	1
    64  00005C  6E13               	movwf	_beatFlag,c
    65                           
    66                           ;own.c: 175: INTCONbits.INT0IE=1;
    67  00005E  88F2               	bsf	intcon,4,c	;volatile
    68                           
    69                           ;own.c: 176: T0CONbits.TMR0ON=1;
    70  000060  8ED5               	bsf	4053,7,c	;volatile
    71                           
    72                           ;own.c: 177: INTCONbits.TMR0IE=1;
    73  000062  8AF2               	bsf	intcon,5,c	;volatile
    74                           
    75                           ;own.c: 178: }
    76  000064  D007               	goto	i2l785
    77  000066                     i2l777:
    78                           
    79                           ;own.c: 179: else{
    80                           ;own.c: 180: beatFlag=0;
    81  000066  0E00               	movlw	0
    82  000068  6E14               	movwf	_beatFlag+1,c
    83  00006A  0E00               	movlw	0
    84  00006C  6E13               	movwf	_beatFlag,c
    85                           
    86                           ;own.c: 181: INTCONbits.INT0IE=0;
    87  00006E  98F2               	bcf	intcon,4,c	;volatile
    88                           
    89                           ;own.c: 182: T0CONbits.TMR0ON=0;
    90  000070  9ED5               	bcf	4053,7,c	;volatile
    91                           
    92                           ;own.c: 183: INTCONbits.TMR0IE=0;
    93  000072  9AF2               	bcf	intcon,5,c	;volatile
    94  000074                     i2l785:
    95                           
    96                           ;own.c: 184: }
    97                           ;own.c: 185: PORTBbits.RB5=PORTBbits.RB4=0;
    98  000074  9881               	bcf	3969,4,c	;volatile
    99  000076  9A81               	bcf	3969,5,c	;volatile
   100                           
   101                           ;own.c: 186: count=0;
   102  000078  0E00               	movlw	0
   103  00007A  6E16               	movwf	_count+1,c
   104  00007C  0E00               	movlw	0
   105  00007E  6E15               	movwf	_count,c
   106                           
   107                           ;own.c: 187: timing=0;
   108  000080  0E00               	movlw	0
   109  000082  6E18               	movwf	_timing+1,c
   110  000084  0E00               	movlw	0
   111  000086  6E17               	movwf	_timing,c
   112                           
   113                           ;own.c: 188: INTCON3bits.INT1IF = 0;
   114  000088  90F0               	bcf	intcon3,0,c	;volatile
   115  00008A                     i2l789:
   116                           
   117                           ;own.c: 189: }
   118                           ;own.c: 190: if(INTCONbits.INT0IF){
   119  00008A  A2F2               	btfss	intcon,1,c	;volatile
   120  00008C  D018               	goto	i2l803
   121                           
   122                           ;own.c: 191: if((beatFlag<=3) && (beatFlag>0))
   123  00008E  0E04               	movlw	4
   124  000090  5C13               	subwf	_beatFlag,w,c
   125  000092  0E00               	movlw	0
   126  000094  5814               	subwfb	_beatFlag+1,w,c
   127  000096  B0D8               	btfsc	status,0,c
   128  000098  D007               	goto	i2l797
   129  00009A  5014               	movf	_beatFlag+1,w,c
   130  00009C  1013               	iorwf	_beatFlag,w,c
   131  00009E  B4D8               	btfsc	status,2,c
   132  0000A0  D003               	goto	i2l797
   133                           
   134                           ;own.c: 192: beatFlag++;
   135  0000A2  4A13               	infsnz	_beatFlag,f,c
   136  0000A4  2A14               	incf	_beatFlag+1,f,c
   137  0000A6  D004               	goto	i2l104
   138  0000A8                     i2l797:
   139                           
   140                           ;own.c: 193: else
   141                           ;own.c: 194: beatFlag=1;
   142  0000A8  0E00               	movlw	0
   143  0000AA  6E14               	movwf	_beatFlag+1,c
   144  0000AC  0E01               	movlw	1
   145  0000AE  6E13               	movwf	_beatFlag,c
   146  0000B0                     i2l104:
   147                           
   148                           ;own.c: 195: count=0;
   149  0000B0  0E00               	movlw	0
   150  0000B2  6E16               	movwf	_count+1,c
   151  0000B4  0E00               	movlw	0
   152  0000B6  6E15               	movwf	_count,c
   153                           
   154                           ;own.c: 196: PORTBbits.RB5=PORTBbits.RB4=0;
   155  0000B8  9881               	bcf	3969,4,c	;volatile
   156  0000BA  9A81               	bcf	3969,5,c	;volatile
   157                           
   158                           ;own.c: 197: INTCONbits.INT0IF=0;
   159  0000BC  92F2               	bcf	intcon,1,c	;volatile
   160  0000BE                     i2l803:
   161                           
   162                           ;own.c: 198: }
   163                           ;own.c: 200: if(INTCONbits.TMR0IF){
   164  0000BE  A4F2               	btfss	intcon,2,c	;volatile
   165  0000C0  D01F               	goto	i2l111
   166                           
   167                           ;own.c: 201: if(beatFlag==1)
   168  0000C2  0413               	decf	_beatFlag,w,c
   169  0000C4  1014               	iorwf	_beatFlag+1,w,c
   170  0000C6  A4D8               	btfss	status,2,c
   171  0000C8  D004               	goto	i2l809
   172                           
   173                           ;own.c: 202: {
   174                           ;own.c: 203: TMR0H=0xF4;
   175  0000CA  0EF4               	movlw	244
   176  0000CC  6ED7               	movwf	4055,c	;volatile
   177                           
   178                           ;own.c: 204: TMR0L=0x24;
   179  0000CE  0E24               	movlw	36
   180  0000D0  D011               	goto	L2
   181  0000D2                     i2l809:
   182                           
   183                           ;own.c: 206: else if(beatFlag==2)
   184  0000D2  5013               	movf	_beatFlag,w,c
   185  0000D4  0A02               	xorlw	2
   186  0000D6  1014               	iorwf	_beatFlag+1,w,c
   187  0000D8  A4D8               	btfss	status,2,c
   188  0000DA  D004               	goto	i2l813
   189                           
   190                           ;own.c: 207: {
   191                           ;own.c: 208: TMR0H=0x61;
   192  0000DC  0E61               	movlw	97
   193  0000DE  6ED7               	movwf	4055,c	;volatile
   194                           
   195                           ;own.c: 209: TMR0L=0xA8;
   196  0000E0  0EA8               	movlw	168
   197  0000E2  D008               	goto	L2
   198  0000E4                     i2l813:
   199                           
   200                           ;own.c: 211: else if(beatFlag==3)
   201  0000E4  5013               	movf	_beatFlag,w,c
   202  0000E6  0A03               	xorlw	3
   203  0000E8  1014               	iorwf	_beatFlag+1,w,c
   204  0000EA  A4D8               	btfss	status,2,c
   205  0000EC  D004               	goto	i2l107
   206                           
   207                           ;own.c: 212: {
   208                           ;own.c: 213: TMR0H=0x50;
   209  0000EE  0E50               	movlw	80
   210  0000F0  6ED7               	movwf	4055,c	;volatile
   211                           
   212                           ;own.c: 214: TMR0L=0x00;
   213  0000F2  0E00               	movlw	0
   214  0000F4                     L2:
   215  0000F4  6ED6               	movwf	4054,c	;volatile
   216  0000F6                     i2l107:
   217                           
   218                           ;own.c: 215: }
   219                           ;own.c: 216: timing=1;
   220  0000F6  0E00               	movlw	0
   221  0000F8  6E18               	movwf	_timing+1,c
   222  0000FA  0E01               	movlw	1
   223  0000FC  6E17               	movwf	_timing,c
   224                           
   225                           ;own.c: 217: INTCONbits.TMR0IF=0;
   226  0000FE  94F2               	bcf	intcon,2,c	;volatile
   227  000100                     i2l111:
   228  000100  C00E  FFF5         	movff	??_ISR+13,tablat
   229  000104  C00D  FFF8         	movff	??_ISR+12,tblptru
   230  000108  C00C  FFF7         	movff	??_ISR+11,tblptrh
   231  00010C  C00B  FFF6         	movff	??_ISR+10,tblptrl
   232  000110  C00A  FFF4         	movff	??_ISR+9,prodh
   233  000114  C009  FFF3         	movff	??_ISR+8,prodl
   234  000118  C008  FFDA         	movff	??_ISR+7,fsr2h
   235  00011C  C007  FFD9         	movff	??_ISR+6,fsr2l
   236  000120  C006  FFE2         	movff	??_ISR+5,fsr1h
   237  000124  C005  FFE1         	movff	??_ISR+4,fsr1l
   238  000128  C004  FFEA         	movff	??_ISR+3,fsr0h
   239  00012C  C003  FFE9         	movff	??_ISR+2,fsr0l
   240  000130  C002  FFFB         	movff	??_ISR+1,pclatu
   241  000134  C001  FFFA         	movff	??_ISR,pclath
   242  000138  0011               	retfie		f
   243  00013A                     __end_of_ISR:
   244                           	opt stack 0
   245  0000                     pclatu	equ	0xFFB
   246                           pclath	equ	0xFFA
   247                           tblptru	equ	0xFF8
   248                           tblptrh	equ	0xFF7
   249                           tblptrl	equ	0xFF6
   250                           tablat	equ	0xFF5
   251                           prodh	equ	0xFF4
   252                           prodl	equ	0xFF3
   253                           intcon	equ	0xFF2
   254                           intcon3	equ	0xFF0
   255                           fsr0h	equ	0xFEA
   256                           fsr0l	equ	0xFE9
   257                           fsr1h	equ	0xFE2
   258                           fsr1l	equ	0xFE1
   259                           fsr2h	equ	0xFDA
   260                           fsr2l	equ	0xFD9
   261                           status	equ	0xFD8
   262                           
   263                           	psect	cinit
   264  000324                     __pcinit:
   265                           	opt stack 0
   266  000324                     start_initialization:
   267                           	opt stack 0
   268  000324                     __initialization:
   269                           	opt stack 0
   270                           
   271                           ; Clear objects allocated to COMRAM (6 bytes)
   272  000324  6A18               	clrf	(__pbssCOMRAM+5)& (0+255),c
   273  000326  6A17               	clrf	(__pbssCOMRAM+4)& (0+255),c
   274  000328  6A16               	clrf	(__pbssCOMRAM+3)& (0+255),c
   275  00032A  6A15               	clrf	(__pbssCOMRAM+2)& (0+255),c
   276  00032C  6A14               	clrf	(__pbssCOMRAM+1)& (0+255),c
   277  00032E  6A13               	clrf	__pbssCOMRAM& (0+255),c
   278  000330                     end_of_initialization:
   279                           	opt stack 0
   280  000330                     __end_of__initialization:
   281                           	opt stack 0
   282  000330  0E00               	movlw	low (__Lmediumconst shr (0+16))
   283  000332  6EF8               	movwf	tblptru,c
   284  000334  0100               	movlb	0
   285  000336  EF5D  F001         	goto	_main	;jump to C main() function
   286                           pclatu	equ	0xFFB
   287                           pclath	equ	0xFFA
   288                           tblptru	equ	0xFF8
   289                           tblptrh	equ	0xFF7
   290                           tblptrl	equ	0xFF6
   291                           tablat	equ	0xFF5
   292                           prodh	equ	0xFF4
   293                           prodl	equ	0xFF3
   294                           intcon	equ	0xFF2
   295                           intcon3	equ	0xFF0
   296                           fsr0h	equ	0xFEA
   297                           fsr0l	equ	0xFE9
   298                           fsr1h	equ	0xFE2
   299                           fsr1l	equ	0xFE1
   300                           fsr2h	equ	0xFDA
   301                           fsr2l	equ	0xFD9
   302                           status	equ	0xFD8
   303                           
   304                           	psect	bssCOMRAM
   305  000013                     __pbssCOMRAM:
   306                           	opt stack 0
   307  000013                     _beatFlag:
   308                           	opt stack 0
   309  000013                     	ds	2
   310  000015                     _count:
   311                           	opt stack 0
   312  000015                     	ds	2
   313  000017                     _timing:
   314                           	opt stack 0
   315  000017                     	ds	2
   316                           pclatu	equ	0xFFB
   317                           pclath	equ	0xFFA
   318                           tblptru	equ	0xFF8
   319                           tblptrh	equ	0xFF7
   320                           tblptrl	equ	0xFF6
   321                           tablat	equ	0xFF5
   322                           prodh	equ	0xFF4
   323                           prodl	equ	0xFF3
   324                           intcon	equ	0xFF2
   325                           intcon3	equ	0xFF0
   326                           fsr0h	equ	0xFEA
   327                           fsr0l	equ	0xFE9
   328                           fsr1h	equ	0xFE2
   329                           fsr1l	equ	0xFE1
   330                           fsr2h	equ	0xFDA
   331                           fsr2l	equ	0xFD9
   332                           status	equ	0xFD8
   333                           
   334                           	psect	cstackCOMRAM
   335  000001                     __pcstackCOMRAM:
   336                           	opt stack 0
   337  000001                     ??_ISR:
   338                           
   339                           ; 0 bytes @ 0x0
   340  000001                     	ds	14
   341  00000F                     ??_beat1:
   342  00000F                     ??_beat2:
   343  00000F                     ??_beat3:
   344                           
   345                           ; 0 bytes @ 0xE
   346  00000F                     	ds	2
   347  000011                     ??_main:
   348                           
   349                           ; 0 bytes @ 0x10
   350  000011                     	ds	2
   351                           pclatu	equ	0xFFB
   352                           pclath	equ	0xFFA
   353                           tblptru	equ	0xFF8
   354                           tblptrh	equ	0xFF7
   355                           tblptrl	equ	0xFF6
   356                           tablat	equ	0xFF5
   357                           prodh	equ	0xFF4
   358                           prodl	equ	0xFF3
   359                           intcon	equ	0xFF2
   360                           intcon3	equ	0xFF0
   361                           fsr0h	equ	0xFEA
   362                           fsr0l	equ	0xFE9
   363                           fsr1h	equ	0xFE2
   364                           fsr1l	equ	0xFE1
   365                           fsr2h	equ	0xFDA
   366                           fsr2l	equ	0xFD9
   367                           status	equ	0xFD8
   368                           
   369 ;;
   370 ;;Main: autosize = 0, tempsize = 2, incstack = 0, save=0
   371 ;;
   372 ;; *************** function _main *****************
   373 ;; Defined at:
   374 ;;		line 132 in file "own.c"
   375 ;; Parameters:    Size  Location     Type
   376 ;;		None
   377 ;; Auto vars:     Size  Location     Type
   378 ;;		None
   379 ;; Return value:  Size  Location     Type
   380 ;;		None               void
   381 ;; Registers used:
   382 ;;		wreg, status,2, status,0, cstack
   383 ;; Tracked objects:
   384 ;;		On entry : 0/0
   385 ;;		On exit  : 0/0
   386 ;;		Unchanged: 0/0
   387 ;; Data sizes:     COMRAM   BANK0   BANK1   BANK2   BANK3   BANK4   BANK5   BANK6   BANK7   BANK8   BANK9  BANK10  BANK1
      +1  BANK12  BANK13  BANK14  BANK15
   388 ;;      Params:         0       0       0       0       0       0       0       0       0       0       0       0       
      +0       0       0       0       0
   389 ;;      Locals:         0       0       0       0       0       0       0       0       0       0       0       0       
      +0       0       0       0       0
   390 ;;      Temps:          2       0       0       0       0       0       0       0       0       0       0       0       
      +0       0       0       0       0
   391 ;;      Totals:         2       0       0       0       0       0       0       0       0       0       0       0       
      +0       0       0       0       0
   392 ;;Total ram usage:        2 bytes
   393 ;; Hardware stack levels required when called:    2
   394 ;; This function calls:
   395 ;;		_beat1
   396 ;;		_beat2
   397 ;;		_beat3
   398 ;; This function is called by:
   399 ;;		Startup code after reset
   400 ;; This function uses a non-reentrant model
   401 ;;
   402                           
   403                           	psect	text0
   404  0002BA                     __ptext0:
   405                           	opt stack 0
   406  0002BA                     _main:
   407                           	opt stack 29
   408                           
   409                           ;own.c: 134: PORTB=0x00;
   410                           
   411                           ;incstack = 0
   412  0002BA  0E00               	movlw	0
   413  0002BC  6E81               	movwf	3969,c	;volatile
   414                           
   415                           ;own.c: 135: LATB=0x00;
   416  0002BE  0E00               	movlw	0
   417  0002C0  6E8A               	movwf	3978,c	;volatile
   418                           
   419                           ;own.c: 136: TRISB=0xCF;
   420  0002C2  0ECF               	movlw	207
   421  0002C4  6E93               	movwf	3987,c	;volatile
   422                           
   423                           ;own.c: 137: ADCON1=0x0F;
   424  0002C6  0E0F               	movlw	15
   425  0002C8  6EC1               	movwf	4033,c	;volatile
   426                           
   427                           ;own.c: 140: TMR0H=0xF4;
   428  0002CA  0EF4               	movlw	244
   429  0002CC  6ED7               	movwf	4055,c	;volatile
   430                           
   431                           ;own.c: 141: TMR0L=0x24;
   432  0002CE  0E24               	movlw	36
   433  0002D0  6ED6               	movwf	4054,c	;volatile
   434                           
   435                           ;own.c: 142: T0CON=0x03;
   436  0002D2  0E03               	movlw	3
   437  0002D4  6ED5               	movwf	4053,c	;volatile
   438                           
   439                           ;own.c: 146: INTCON=0x00;
   440  0002D6  0E00               	movlw	0
   441  0002D8  6EF2               	movwf	intcon,c	;volatile
   442                           
   443                           ;own.c: 147: INTCON3=0x48;
   444  0002DA  0E48               	movlw	72
   445  0002DC  6EF0               	movwf	intcon3,c	;volatile
   446                           
   447                           ;own.c: 148: INTCONbits.PEIE=1;
   448  0002DE  8CF2               	bsf	intcon,6,c	;volatile
   449                           
   450                           ;own.c: 149: INTCONbits.GIE=1;
   451  0002E0  8EF2               	bsf	intcon,7,c	;volatile
   452  0002E2                     l747:
   453                           
   454                           ;own.c: 152: if(beatFlag){
   455  0002E2  5014               	movf	_beatFlag+1,w,c
   456  0002E4  1013               	iorwf	_beatFlag,w,c
   457  0002E6  A4D8               	btfss	status,2,c
   458  0002E8  D00A               	goto	l759
   459  0002EA  D7FB               	goto	l747
   460  0002EC                     l751:
   461                           
   462                           ;own.c: 155: beat1();
   463  0002EC  ECDE  F000         	call	_beat1	;wreg free
   464                           
   465                           ;own.c: 156: break;
   466  0002F0  D7F8               	goto	l747
   467  0002F2                     l753:
   468                           
   469                           ;own.c: 158: beat2();
   470  0002F2  EC9D  F000         	call	_beat2	;wreg free
   471                           
   472                           ;own.c: 159: break;
   473  0002F6  D7F5               	goto	l747
   474  0002F8                     l755:
   475                           
   476                           ;own.c: 161: beat3();
   477  0002F8  EC1F  F001         	call	_beat3	;wreg free
   478                           
   479                           ;own.c: 162: break;
   480  0002FC  D7F2               	goto	l747
   481  0002FE                     l759:
   482  0002FE  C013  F011         	movff	_beatFlag,??_main
   483  000302  C014  F012         	movff	_beatFlag+1,??_main+1
   484                           
   485                           ; Switch on 2 bytes has been partitioned into a top level switch of size 1, and 1 sub-sw
      +                          itches
   486                           ; Switch size 1, requested type "space"
   487                           ; Number of cases is 1, Range of values is 0 to 0
   488                           ; switch strategies available:
   489                           ; Name         Instructions Cycles
   490                           ; simple_byte            4     3 (average)
   491                           ;	Chosen strategy is simple_byte
   492  000306  5012               	movf	??_main+1,w,c
   493  000308  0A00               	xorlw	0	; case 0
   494  00030A  A4D8               	btfss	status,2,c
   495  00030C  D7EA               	goto	l747
   496                           
   497                           ; Switch size 1, requested type "space"
   498                           ; Number of cases is 3, Range of values is 1 to 3
   499                           ; switch strategies available:
   500                           ; Name         Instructions Cycles
   501                           ; simple_byte           10     6 (average)
   502                           ;	Chosen strategy is simple_byte
   503  00030E  5011               	movf	??_main,w,c
   504  000310  0A01               	xorlw	1	; case 1
   505  000312  B4D8               	btfsc	status,2,c
   506  000314  D7EB               	goto	l751
   507  000316  0A03               	xorlw	3	; case 2
   508  000318  B4D8               	btfsc	status,2,c
   509  00031A  D7EB               	goto	l753
   510  00031C  0A01               	xorlw	1	; case 3
   511  00031E  B4D8               	btfsc	status,2,c
   512  000320  D7EB               	goto	l755
   513  000322  D7DF               	goto	l747
   514  000324                     __end_of_main:
   515                           	opt stack 0
   516                           pclatu	equ	0xFFB
   517                           pclath	equ	0xFFA
   518                           tblptru	equ	0xFF8
   519                           tblptrh	equ	0xFF7
   520                           tblptrl	equ	0xFF6
   521                           tablat	equ	0xFF5
   522                           prodh	equ	0xFF4
   523                           prodl	equ	0xFF3
   524                           intcon	equ	0xFF2
   525                           intcon3	equ	0xFF0
   526                           fsr0h	equ	0xFEA
   527                           fsr0l	equ	0xFE9
   528                           fsr1h	equ	0xFE2
   529                           fsr1l	equ	0xFE1
   530                           fsr2h	equ	0xFDA
   531                           fsr2l	equ	0xFD9
   532                           status	equ	0xFD8
   533                           
   534 ;; *************** function _beat3 *****************
   535 ;; Defined at:
   536 ;;		line 92 in file "own.c"
   537 ;; Parameters:    Size  Location     Type
   538 ;;		None
   539 ;; Auto vars:     Size  Location     Type
   540 ;;		None
   541 ;; Return value:  Size  Location     Type
   542 ;;		None               void
   543 ;; Registers used:
   544 ;;		wreg, status,2, status,0
   545 ;; Tracked objects:
   546 ;;		On entry : 0/0
   547 ;;		On exit  : 0/0
   548 ;;		Unchanged: 0/0
   549 ;; Data sizes:     COMRAM   BANK0   BANK1   BANK2   BANK3   BANK4   BANK5   BANK6   BANK7   BANK8   BANK9  BANK10  BANK1
      +1  BANK12  BANK13  BANK14  BANK15
   550 ;;      Params:         0       0       0       0       0       0       0       0       0       0       0       0       
      +0       0       0       0       0
   551 ;;      Locals:         0       0       0       0       0       0       0       0       0       0       0       0       
      +0       0       0       0       0
   552 ;;      Temps:          2       0       0       0       0       0       0       0       0       0       0       0       
      +0       0       0       0       0
   553 ;;      Totals:         2       0       0       0       0       0       0       0       0       0       0       0       
      +0       0       0       0       0
   554 ;;Total ram usage:        2 bytes
   555 ;; Hardware stack levels used:    1
   556 ;; Hardware stack levels required when called:    1
   557 ;; This function calls:
   558 ;;		Nothing
   559 ;; This function is called by:
   560 ;;		_main
   561 ;; This function uses a non-reentrant model
   562 ;;
   563                           
   564                           	psect	text1
   565  00023E                     __ptext1:
   566                           	opt stack 0
   567  00023E                     _beat3:
   568                           	opt stack 29
   569                           
   570                           ;own.c: 93: if(timing){
   571                           
   572                           ;incstack = 0
   573  00023E  5018               	movf	_timing+1,w,c
   574  000240  1017               	iorwf	_timing,w,c
   575  000242  A4D8               	btfss	status,2,c
   576  000244  D007               	goto	l729
   577  000246  D038               	goto	l83
   578  000248                     l75:
   579                           
   580                           ;own.c: 108: PORTBbits.RB5=0;
   581  000248  9A81               	bcf	3969,5,c	;volatile
   582                           
   583                           ;own.c: 109: PORTBbits.RB4=1;
   584  00024A  8881               	bsf	3969,4,c	;volatile
   585                           
   586                           ;own.c: 110: break;
   587  00024C  D024               	goto	l731
   588  00024E                     l79:
   589                           
   590                           ;own.c: 112: case 5:
   591                           ;own.c: 113: case 6:
   592                           ;own.c: 114: case 7:
   593                           ;own.c: 115: PORTBbits.RB5=1;
   594  00024E  8A81               	bsf	3969,5,c	;volatile
   595                           
   596                           ;own.c: 116: PORTBbits.RB4=0;
   597  000250  9881               	bcf	3969,4,c	;volatile
   598                           
   599                           ;own.c: 117: break;
   600  000252  D021               	goto	l731
   601  000254                     l729:
   602  000254  C015  F00F         	movff	_count,??_beat3
   603  000258  C016  F010         	movff	_count+1,??_beat3+1
   604                           
   605                           ; Switch on 2 bytes has been partitioned into a top level switch of size 1, and 1 sub-sw
      +                          itches
   606                           ; Switch size 1, requested type "space"
   607                           ; Number of cases is 1, Range of values is 0 to 0
   608                           ; switch strategies available:
   609                           ; Name         Instructions Cycles
   610                           ; simple_byte            4     3 (average)
   611                           ;	Chosen strategy is simple_byte
   612  00025C  5010               	movf	??_beat3+1,w,c
   613  00025E  0A00               	xorlw	0	; case 0
   614  000260  A4D8               	btfss	status,2,c
   615  000262  D019               	goto	l731
   616                           
   617                           ; Switch size 1, requested type "space"
   618                           ; Number of cases is 8, Range of values is 0 to 7
   619                           ; switch strategies available:
   620                           ; Name         Instructions Cycles
   621                           ; simple_byte           25    13 (average)
   622                           ;	Chosen strategy is simple_byte
   623  000264  500F               	movf	??_beat3,w,c
   624  000266  0A00               	xorlw	0	; case 0
   625  000268  B4D8               	btfsc	status,2,c
   626  00026A  D7F1               	goto	l79
   627  00026C  0A01               	xorlw	1	; case 1
   628  00026E  B4D8               	btfsc	status,2,c
   629  000270  D7EB               	goto	l75
   630  000272  0A03               	xorlw	3	; case 2
   631  000274  B4D8               	btfsc	status,2,c
   632  000276  D7EB               	goto	l79
   633  000278  0A01               	xorlw	1	; case 3
   634  00027A  B4D8               	btfsc	status,2,c
   635  00027C  D7E5               	goto	l75
   636  00027E  0A07               	xorlw	7	; case 4
   637  000280  B4D8               	btfsc	status,2,c
   638  000282  D7E5               	goto	l79
   639  000284  0A01               	xorlw	1	; case 5
   640  000286  B4D8               	btfsc	status,2,c
   641  000288  D7E2               	goto	l79
   642  00028A  0A03               	xorlw	3	; case 6
   643  00028C  B4D8               	btfsc	status,2,c
   644  00028E  D7DF               	goto	l79
   645  000290  0A01               	xorlw	1	; case 7
   646  000292  B4D8               	btfsc	status,2,c
   647  000294  D7DC               	goto	l79
   648  000296                     l731:
   649                           
   650                           ;own.c: 122: if(count<7)
   651  000296  0E07               	movlw	7
   652  000298  5C15               	subwf	_count,w,c
   653  00029A  0E00               	movlw	0
   654  00029C  5816               	subwfb	_count+1,w,c
   655  00029E  B0D8               	btfsc	status,0,c
   656  0002A0  D003               	goto	l735
   657                           
   658                           ;own.c: 123: count++;
   659  0002A2  4A15               	infsnz	_count,f,c
   660  0002A4  2A16               	incf	_count+1,f,c
   661  0002A6  D004               	goto	l82
   662  0002A8                     l735:
   663                           
   664                           ;own.c: 124: else
   665                           ;own.c: 125: count=0;
   666  0002A8  0E00               	movlw	0
   667  0002AA  6E16               	movwf	_count+1,c
   668  0002AC  0E00               	movlw	0
   669  0002AE  6E15               	movwf	_count,c
   670  0002B0                     l82:
   671                           
   672                           ;own.c: 126: timing=0;
   673  0002B0  0E00               	movlw	0
   674  0002B2  6E18               	movwf	_timing+1,c
   675  0002B4  0E00               	movlw	0
   676  0002B6  6E17               	movwf	_timing,c
   677  0002B8                     l83:
   678  0002B8  0012               	return	
   679  0002BA                     __end_of_beat3:
   680                           	opt stack 0
   681                           pclatu	equ	0xFFB
   682                           pclath	equ	0xFFA
   683                           tblptru	equ	0xFF8
   684                           tblptrh	equ	0xFF7
   685                           tblptrl	equ	0xFF6
   686                           tablat	equ	0xFF5
   687                           prodh	equ	0xFF4
   688                           prodl	equ	0xFF3
   689                           intcon	equ	0xFF2
   690                           intcon3	equ	0xFF0
   691                           fsr0h	equ	0xFEA
   692                           fsr0l	equ	0xFE9
   693                           fsr1h	equ	0xFE2
   694                           fsr1l	equ	0xFE1
   695                           fsr2h	equ	0xFDA
   696                           fsr2l	equ	0xFD9
   697                           status	equ	0xFD8
   698                           
   699 ;; *************** function _beat2 *****************
   700 ;; Defined at:
   701 ;;		line 54 in file "own.c"
   702 ;; Parameters:    Size  Location     Type
   703 ;;		None
   704 ;; Auto vars:     Size  Location     Type
   705 ;;		None
   706 ;; Return value:  Size  Location     Type
   707 ;;		None               void
   708 ;; Registers used:
   709 ;;		wreg, status,2, status,0
   710 ;; Tracked objects:
   711 ;;		On entry : 0/0
   712 ;;		On exit  : 0/0
   713 ;;		Unchanged: 0/0
   714 ;; Data sizes:     COMRAM   BANK0   BANK1   BANK2   BANK3   BANK4   BANK5   BANK6   BANK7   BANK8   BANK9  BANK10  BANK1
      +1  BANK12  BANK13  BANK14  BANK15
   715 ;;      Params:         0       0       0       0       0       0       0       0       0       0       0       0       
      +0       0       0       0       0
   716 ;;      Locals:         0       0       0       0       0       0       0       0       0       0       0       0       
      +0       0       0       0       0
   717 ;;      Temps:          2       0       0       0       0       0       0       0       0       0       0       0       
      +0       0       0       0       0
   718 ;;      Totals:         2       0       0       0       0       0       0       0       0       0       0       0       
      +0       0       0       0       0
   719 ;;Total ram usage:        2 bytes
   720 ;; Hardware stack levels used:    1
   721 ;; Hardware stack levels required when called:    1
   722 ;; This function calls:
   723 ;;		Nothing
   724 ;; This function is called by:
   725 ;;		_main
   726 ;; This function uses a non-reentrant model
   727 ;;
   728                           
   729                           	psect	text2
   730  00013A                     __ptext2:
   731                           	opt stack 0
   732  00013A                     _beat2:
   733                           	opt stack 29
   734                           
   735                           ;own.c: 56: if(timing){
   736                           
   737                           ;incstack = 0
   738  00013A  5018               	movf	_timing+1,w,c
   739  00013C  1017               	iorwf	_timing,w,c
   740  00013E  A4D8               	btfss	status,2,c
   741  000140  D00A               	goto	l711
   742  000142  D03B               	goto	l66
   743  000144                     l54:
   744                           
   745                           ;own.c: 59: PORTBbits.RB5=1;
   746  000144  8A81               	bsf	3969,5,c	;volatile
   747                           
   748                           ;own.c: 60: PORTBbits.RB4=0;
   749  000146  9881               	bcf	3969,4,c	;volatile
   750                           
   751                           ;own.c: 61: break;
   752  000148  D027               	goto	l713
   753  00014A                     l59:
   754                           
   755                           ;own.c: 72: PORTBbits.RB5=1;
   756  00014A  8A81               	bsf	3969,5,c	;volatile
   757                           
   758                           ;own.c: 73: break;
   759  00014C  D025               	goto	l713
   760  00014E                     l61:
   761                           
   762                           ;own.c: 75: case 6:
   763                           ;own.c: 76: PORTBbits.RB5=0;
   764  00014E  9A81               	bcf	3969,5,c	;volatile
   765                           
   766                           ;own.c: 77: break;
   767  000150  D023               	goto	l713
   768  000152                     l62:
   769                           
   770                           ;own.c: 79: PORTBbits.RB4=1;
   771  000152  8881               	bsf	3969,4,c	;volatile
   772                           
   773                           ;own.c: 80: break;
   774  000154  D021               	goto	l713
   775  000156                     l711:
   776  000156  C015  F00F         	movff	_count,??_beat2
   777  00015A  C016  F010         	movff	_count+1,??_beat2+1
   778                           
   779                           ; Switch on 2 bytes has been partitioned into a top level switch of size 1, and 1 sub-sw
      +                          itches
   780                           ; Switch size 1, requested type "space"
   781                           ; Number of cases is 1, Range of values is 0 to 0
   782                           ; switch strategies available:
   783                           ; Name         Instructions Cycles
   784                           ; simple_byte            4     3 (average)
   785                           ;	Chosen strategy is simple_byte
   786  00015E  5010               	movf	??_beat2+1,w,c
   787  000160  0A00               	xorlw	0	; case 0
   788  000162  A4D8               	btfss	status,2,c
   789  000164  D019               	goto	l713
   790                           
   791                           ; Switch size 1, requested type "space"
   792                           ; Number of cases is 8, Range of values is 0 to 7
   793                           ; switch strategies available:
   794                           ; Name         Instructions Cycles
   795                           ; simple_byte           25    13 (average)
   796                           ;	Chosen strategy is simple_byte
   797  000166  500F               	movf	??_beat2,w,c
   798  000168  0A00               	xorlw	0	; case 0
   799  00016A  B4D8               	btfsc	status,2,c
   800  00016C  D7EB               	goto	l54
   801  00016E  0A01               	xorlw	1	; case 1
   802  000170  B4D8               	btfsc	status,2,c
   803  000172  D7ED               	goto	l61
   804  000174  0A03               	xorlw	3	; case 2
   805  000176  B4D8               	btfsc	status,2,c
   806  000178  D7E8               	goto	l59
   807  00017A  0A01               	xorlw	1	; case 3
   808  00017C  B4D8               	btfsc	status,2,c
   809  00017E  D7E7               	goto	l61
   810  000180  0A07               	xorlw	7	; case 4
   811  000182  B4D8               	btfsc	status,2,c
   812  000184  D7E2               	goto	l59
   813  000186  0A01               	xorlw	1	; case 5
   814  000188  B4D8               	btfsc	status,2,c
   815  00018A  D7E1               	goto	l61
   816  00018C  0A03               	xorlw	3	; case 6
   817  00018E  B4D8               	btfsc	status,2,c
   818  000190  D7DE               	goto	l61
   819  000192  0A01               	xorlw	1	; case 7
   820  000194  B4D8               	btfsc	status,2,c
   821  000196  D7DD               	goto	l62
   822  000198                     l713:
   823                           
   824                           ;own.c: 84: if(count<7)
   825  000198  0E07               	movlw	7
   826  00019A  5C15               	subwf	_count,w,c
   827  00019C  0E00               	movlw	0
   828  00019E  5816               	subwfb	_count+1,w,c
   829  0001A0  B0D8               	btfsc	status,0,c
   830  0001A2  D003               	goto	l717
   831                           
   832                           ;own.c: 85: count++;
   833  0001A4  4A15               	infsnz	_count,f,c
   834  0001A6  2A16               	incf	_count+1,f,c
   835  0001A8  D004               	goto	l65
   836  0001AA                     l717:
   837                           
   838                           ;own.c: 86: else
   839                           ;own.c: 87: count=0;
   840  0001AA  0E00               	movlw	0
   841  0001AC  6E16               	movwf	_count+1,c
   842  0001AE  0E00               	movlw	0
   843  0001B0  6E15               	movwf	_count,c
   844  0001B2                     l65:
   845                           
   846                           ;own.c: 88: timing=0;
   847  0001B2  0E00               	movlw	0
   848  0001B4  6E18               	movwf	_timing+1,c
   849  0001B6  0E00               	movlw	0
   850  0001B8  6E17               	movwf	_timing,c
   851  0001BA                     l66:
   852  0001BA  0012               	return	
   853  0001BC                     __end_of_beat2:
   854                           	opt stack 0
   855                           pclatu	equ	0xFFB
   856                           pclath	equ	0xFFA
   857                           tblptru	equ	0xFF8
   858                           tblptrh	equ	0xFF7
   859                           tblptrl	equ	0xFF6
   860                           tablat	equ	0xFF5
   861                           prodh	equ	0xFF4
   862                           prodl	equ	0xFF3
   863                           intcon	equ	0xFF2
   864                           intcon3	equ	0xFF0
   865                           fsr0h	equ	0xFEA
   866                           fsr0l	equ	0xFE9
   867                           fsr1h	equ	0xFE2
   868                           fsr1l	equ	0xFE1
   869                           fsr2h	equ	0xFDA
   870                           fsr2l	equ	0xFD9
   871                           status	equ	0xFD8
   872                           
   873 ;; *************** function _beat1 *****************
   874 ;; Defined at:
   875 ;;		line 16 in file "own.c"
   876 ;; Parameters:    Size  Location     Type
   877 ;;		None
   878 ;; Auto vars:     Size  Location     Type
   879 ;;		None
   880 ;; Return value:  Size  Location     Type
   881 ;;		None               void
   882 ;; Registers used:
   883 ;;		wreg, status,2, status,0
   884 ;; Tracked objects:
   885 ;;		On entry : 0/0
   886 ;;		On exit  : 0/0
   887 ;;		Unchanged: 0/0
   888 ;; Data sizes:     COMRAM   BANK0   BANK1   BANK2   BANK3   BANK4   BANK5   BANK6   BANK7   BANK8   BANK9  BANK10  BANK1
      +1  BANK12  BANK13  BANK14  BANK15
   889 ;;      Params:         0       0       0       0       0       0       0       0       0       0       0       0       
      +0       0       0       0       0
   890 ;;      Locals:         0       0       0       0       0       0       0       0       0       0       0       0       
      +0       0       0       0       0
   891 ;;      Temps:          2       0       0       0       0       0       0       0       0       0       0       0       
      +0       0       0       0       0
   892 ;;      Totals:         2       0       0       0       0       0       0       0       0       0       0       0       
      +0       0       0       0       0
   893 ;;Total ram usage:        2 bytes
   894 ;; Hardware stack levels used:    1
   895 ;; Hardware stack levels required when called:    1
   896 ;; This function calls:
   897 ;;		Nothing
   898 ;; This function is called by:
   899 ;;		_main
   900 ;; This function uses a non-reentrant model
   901 ;;
   902                           
   903                           	psect	text3
   904  0001BC                     __ptext3:
   905                           	opt stack 0
   906  0001BC                     _beat1:
   907                           	opt stack 29
   908                           
   909                           ;own.c: 18: if(timing){
   910                           
   911                           ;incstack = 0
   912  0001BC  5018               	movf	_timing+1,w,c
   913  0001BE  1017               	iorwf	_timing,w,c
   914  0001C0  A4D8               	btfss	status,2,c
   915  0001C2  D00A               	goto	l693
   916  0001C4  D03B               	goto	l49
   917  0001C6                     l37:
   918                           
   919                           ;own.c: 21: PORTBbits.RB5=1;
   920  0001C6  8A81               	bsf	3969,5,c	;volatile
   921                           
   922                           ;own.c: 22: PORTBbits.RB4=0;
   923  0001C8  9881               	bcf	3969,4,c	;volatile
   924                           
   925                           ;own.c: 23: break;
   926  0001CA  D027               	goto	l695
   927  0001CC                     l42:
   928                           
   929                           ;own.c: 34: PORTBbits.RB5=1;
   930  0001CC  8A81               	bsf	3969,5,c	;volatile
   931                           
   932                           ;own.c: 35: break;
   933  0001CE  D025               	goto	l695
   934  0001D0                     l44:
   935                           
   936                           ;own.c: 37: case 6:
   937                           ;own.c: 38: PORTBbits.RB5=0;
   938  0001D0  9A81               	bcf	3969,5,c	;volatile
   939                           
   940                           ;own.c: 39: break;
   941  0001D2  D023               	goto	l695
   942  0001D4                     l45:
   943                           
   944                           ;own.c: 41: PORTBbits.RB4=1;
   945  0001D4  8881               	bsf	3969,4,c	;volatile
   946                           
   947                           ;own.c: 42: break;
   948  0001D6  D021               	goto	l695
   949  0001D8                     l693:
   950  0001D8  C015  F00F         	movff	_count,??_beat1
   951  0001DC  C016  F010         	movff	_count+1,??_beat1+1
   952                           
   953                           ; Switch on 2 bytes has been partitioned into a top level switch of size 1, and 1 sub-sw
      +                          itches
   954                           ; Switch size 1, requested type "space"
   955                           ; Number of cases is 1, Range of values is 0 to 0
   956                           ; switch strategies available:
   957                           ; Name         Instructions Cycles
   958                           ; simple_byte            4     3 (average)
   959                           ;	Chosen strategy is simple_byte
   960  0001E0  5010               	movf	??_beat1+1,w,c
   961  0001E2  0A00               	xorlw	0	; case 0
   962  0001E4  A4D8               	btfss	status,2,c
   963  0001E6  D019               	goto	l695
   964                           
   965                           ; Switch size 1, requested type "space"
   966                           ; Number of cases is 8, Range of values is 0 to 7
   967                           ; switch strategies available:
   968                           ; Name         Instructions Cycles
   969                           ; simple_byte           25    13 (average)
   970                           ;	Chosen strategy is simple_byte
   971  0001E8  500F               	movf	??_beat1,w,c
   972  0001EA  0A00               	xorlw	0	; case 0
   973  0001EC  B4D8               	btfsc	status,2,c
   974  0001EE  D7EB               	goto	l37
   975  0001F0  0A01               	xorlw	1	; case 1
   976  0001F2  B4D8               	btfsc	status,2,c
   977  0001F4  D7ED               	goto	l44
   978  0001F6  0A03               	xorlw	3	; case 2
   979  0001F8  B4D8               	btfsc	status,2,c
   980  0001FA  D7E8               	goto	l42
   981  0001FC  0A01               	xorlw	1	; case 3
   982  0001FE  B4D8               	btfsc	status,2,c
   983  000200  D7E7               	goto	l44
   984  000202  0A07               	xorlw	7	; case 4
   985  000204  B4D8               	btfsc	status,2,c
   986  000206  D7E2               	goto	l42
   987  000208  0A01               	xorlw	1	; case 5
   988  00020A  B4D8               	btfsc	status,2,c
   989  00020C  D7E1               	goto	l44
   990  00020E  0A03               	xorlw	3	; case 6
   991  000210  B4D8               	btfsc	status,2,c
   992  000212  D7DE               	goto	l44
   993  000214  0A01               	xorlw	1	; case 7
   994  000216  B4D8               	btfsc	status,2,c
   995  000218  D7DD               	goto	l45
   996  00021A                     l695:
   997                           
   998                           ;own.c: 46: if(count<7)
   999  00021A  0E07               	movlw	7
  1000  00021C  5C15               	subwf	_count,w,c
  1001  00021E  0E00               	movlw	0
  1002  000220  5816               	subwfb	_count+1,w,c
  1003  000222  B0D8               	btfsc	status,0,c
  1004  000224  D003               	goto	l699
  1005                           
  1006                           ;own.c: 47: count++;
  1007  000226  4A15               	infsnz	_count,f,c
  1008  000228  2A16               	incf	_count+1,f,c
  1009  00022A  D004               	goto	l48
  1010  00022C                     l699:
  1011                           
  1012                           ;own.c: 48: else
  1013                           ;own.c: 49: count=0;
  1014  00022C  0E00               	movlw	0
  1015  00022E  6E16               	movwf	_count+1,c
  1016  000230  0E00               	movlw	0
  1017  000232  6E15               	movwf	_count,c
  1018  000234                     l48:
  1019                           
  1020                           ;own.c: 50: timing=0;
  1021  000234  0E00               	movlw	0
  1022  000236  6E18               	movwf	_timing+1,c
  1023  000238  0E00               	movlw	0
  1024  00023A  6E17               	movwf	_timing,c
  1025  00023C                     l49:
  1026  00023C  0012               	return	
  1027  00023E                     __end_of_beat1:
  1028                           	opt stack 0
  1029                           pclatu	equ	0xFFB
  1030                           pclath	equ	0xFFA
  1031                           tblptru	equ	0xFF8
  1032                           tblptrh	equ	0xFF7
  1033                           tblptrl	equ	0xFF6
  1034                           tablat	equ	0xFF5
  1035                           prodh	equ	0xFF4
  1036                           prodl	equ	0xFF3
  1037                           intcon	equ	0xFF2
  1038                           intcon3	equ	0xFF0
  1039                           fsr0h	equ	0xFEA
  1040                           fsr0l	equ	0xFE9
  1041                           fsr1h	equ	0xFE2
  1042                           fsr1l	equ	0xFE1
  1043                           fsr2h	equ	0xFDA
  1044                           fsr2l	equ	0xFD9
  1045                           status	equ	0xFD8
  1046                           
  1047 ;; *************** function _ISR *****************
  1048 ;; Defined at:
  1049 ;;		line 171 in file "own.c"
  1050 ;; Parameters:    Size  Location     Type
  1051 ;;		None
  1052 ;; Auto vars:     Size  Location     Type
  1053 ;;		None
  1054 ;; Return value:  Size  Location     Type
  1055 ;;		None               void
  1056 ;; Registers used:
  1057 ;;		wreg, status,2, status,0
  1058 ;; Tracked objects:
  1059 ;;		On entry : 0/0
  1060 ;;		On exit  : 0/0
  1061 ;;		Unchanged: 0/0
  1062 ;; Data sizes:     COMRAM   BANK0   BANK1   BANK2   BANK3   BANK4   BANK5   BANK6   BANK7   BANK8   BANK9  BANK10  BANK1
      +1  BANK12  BANK13  BANK14  BANK15
  1063 ;;      Params:         0       0       0       0       0       0       0       0       0       0       0       0       
      +0       0       0       0       0
  1064 ;;      Locals:         0       0       0       0       0       0       0       0       0       0       0       0       
      +0       0       0       0       0
  1065 ;;      Temps:         14       0       0       0       0       0       0       0       0       0       0       0       
      +0       0       0       0       0
  1066 ;;      Totals:        14       0       0       0       0       0       0       0       0       0       0       0       
      +0       0       0       0       0
  1067 ;;Total ram usage:       14 bytes
  1068 ;; Hardware stack levels used:    1
  1069 ;; This function calls:
  1070 ;;		Nothing
  1071 ;; This function is called by:
  1072 ;;		Interrupt level 2
  1073 ;; This function uses a non-reentrant model
  1074 ;;
  1075                           
  1076                           	psect	intcode
  1077  000008                     __pintcode:
  1078                           	opt stack 0
  1079  000008                     _ISR:
  1080                           	opt stack 29
  1081                           
  1082                           ;incstack = 0
  1083  000008  CFFA F001          	movff	pclath,??_ISR
  1084  00000C  CFFB F002          	movff	pclatu,??_ISR+1
  1085  000010  CFE9 F003          	movff	fsr0l,??_ISR+2
  1086  000014  ED0E  F000         	call	int_func,f	;refresh shadow registers
  1087                           pclatu	equ	0xFFB
  1088                           pclath	equ	0xFFA
  1089                           tblptru	equ	0xFF8
  1090                           tblptrh	equ	0xFF7
  1091                           tblptrl	equ	0xFF6
  1092                           tablat	equ	0xFF5
  1093                           prodh	equ	0xFF4
  1094                           prodl	equ	0xFF3
  1095                           intcon	equ	0xFF2
  1096                           intcon3	equ	0xFF0
  1097                           fsr0h	equ	0xFEA
  1098                           fsr0l	equ	0xFE9
  1099                           fsr1h	equ	0xFE2
  1100                           fsr1l	equ	0xFE1
  1101                           fsr2h	equ	0xFDA
  1102                           fsr2l	equ	0xFD9
  1103                           status	equ	0xFD8
  1104                           pclatu	equ	0xFFB
  1105                           pclath	equ	0xFFA
  1106                           tblptru	equ	0xFF8
  1107                           tblptrh	equ	0xFF7
  1108                           tblptrl	equ	0xFF6
  1109                           tablat	equ	0xFF5
  1110                           prodh	equ	0xFF4
  1111                           prodl	equ	0xFF3
  1112                           intcon	equ	0xFF2
  1113                           intcon3	equ	0xFF0
  1114                           fsr0h	equ	0xFEA
  1115                           fsr0l	equ	0xFE9
  1116                           fsr1h	equ	0xFE2
  1117                           fsr1l	equ	0xFE1
  1118                           fsr2h	equ	0xFDA
  1119                           fsr2l	equ	0xFD9
  1120                           status	equ	0xFD8
  1121                           
  1122                           	psect	rparam
  1123  0000                     pclatu	equ	0xFFB
  1124                           pclath	equ	0xFFA
  1125                           tblptru	equ	0xFF8
  1126                           tblptrh	equ	0xFF7
  1127                           tblptrl	equ	0xFF6
  1128                           tablat	equ	0xFF5
  1129                           prodh	equ	0xFF4
  1130                           prodl	equ	0xFF3
  1131                           intcon	equ	0xFF2
  1132                           intcon3	equ	0xFF0
  1133                           fsr0h	equ	0xFEA
  1134                           fsr0l	equ	0xFE9
  1135                           fsr1h	equ	0xFE2
  1136                           fsr1l	equ	0xFE1
  1137                           fsr2h	equ	0xFDA
  1138                           fsr2l	equ	0xFD9
  1139                           status	equ	0xFD8


Data Sizes:
    Strings     0
    Constant    0
    Data        0
    BSS         6
    Persistent  0
    Stack       0

Auto Spaces:
    Space          Size  Autos    Used
    COMRAM          127     18      24
    BANK0           128      0       0
    BANK1           256      0       0
    BANK2           256      0       0
    BANK3           256      0       0
    BANK4           256      0       0
    BANK5           256      0       0
    BANK6           256      0       0
    BANK7           256      0       0
    BANK8           256      0       0
    BANK9           256      0       0
    BANK10          256      0       0
    BANK11          256      0       0
    BANK12          256      0       0
    BANK13          256      0       0
    BANK14          256      0       0
    BANK15          128      0       0

Pointer List with Targets:

    None.

Critical Paths under _main in COMRAM

    _main->_beat1
    _main->_beat2
    _main->_beat3

Critical Paths under _ISR in COMRAM

    None.

Critical Paths under _main in BANK0

    None.

Critical Paths under _ISR in BANK0

    None.

Critical Paths under _main in BANK1

    None.

Critical Paths under _ISR in BANK1

    None.

Critical Paths under _main in BANK2

    None.

Critical Paths under _ISR in BANK2

    None.

Critical Paths under _main in BANK3

    None.

Critical Paths under _ISR in BANK3

    None.

Critical Paths under _main in BANK4

    None.

Critical Paths under _ISR in BANK4

    None.

Critical Paths under _main in BANK5

    None.

Critical Paths under _ISR in BANK5

    None.

Critical Paths under _main in BANK6

    None.

Critical Paths under _ISR in BANK6

    None.

Critical Paths under _main in BANK7

    None.

Critical Paths under _ISR in BANK7

    None.

Critical Paths under _main in BANK8

    None.

Critical Paths under _ISR in BANK8

    None.

Critical Paths under _main in BANK9

    None.

Critical Paths under _ISR in BANK9

    None.

Critical Paths under _main in BANK10

    None.

Critical Paths under _ISR in BANK10

    None.

Critical Paths under _main in BANK11

    None.

Critical Paths under _ISR in BANK11

    None.

Critical Paths under _main in BANK12

    None.

Critical Paths under _ISR in BANK12

    None.

Critical Paths under _main in BANK13

    None.

Critical Paths under _ISR in BANK13

    None.

Critical Paths under _main in BANK14

    None.

Critical Paths under _ISR in BANK14

    None.

Critical Paths under _main in BANK15

    None.

Critical Paths under _ISR in BANK15

    None.

Call Graph Tables:

 ---------------------------------------------------------------------------------
 (Depth) Function   	        Calls       Base Space   Used Autos Params    Refs
 ---------------------------------------------------------------------------------
 (0) _main                                                 2     2      0       0
                                             16 COMRAM     2     2      0
                              _beat1
                              _beat2
                              _beat3
 ---------------------------------------------------------------------------------
 (1) _beat3                                                2     2      0       0
                                             14 COMRAM     2     2      0
 ---------------------------------------------------------------------------------
 (1) _beat2                                                2     2      0       0
                                             14 COMRAM     2     2      0
 ---------------------------------------------------------------------------------
 (1) _beat1                                                2     2      0       0
                                             14 COMRAM     2     2      0
 ---------------------------------------------------------------------------------
 Estimated maximum stack depth 1
 ---------------------------------------------------------------------------------
 (Depth) Function   	        Calls       Base Space   Used Autos Params    Refs
 ---------------------------------------------------------------------------------
 (2) _ISR                                                 14    14      0       0
                                              0 COMRAM    14    14      0
 ---------------------------------------------------------------------------------
 Estimated maximum stack depth 2
 ---------------------------------------------------------------------------------

 Call Graph Graphs:

 _main (ROOT)
   _beat1
   _beat2
   _beat3

 _ISR (ROOT)

 Address spaces:
Name               Size   Autos  Total    Cost      Usage
BIGRAM             F7F      0       0      37        0.0%
EEDATA             400      0       0       0        0.0%
BITBANK14          100      0       0      32        0.0%
BANK14             100      0       0      33        0.0%
BITBANK13          100      0       0      30        0.0%
BANK13             100      0       0      31        0.0%
BITBANK12          100      0       0      28        0.0%
BANK12             100      0       0      29        0.0%
BITBANK11          100      0       0      26        0.0%
BANK11             100      0       0      27        0.0%
BITBANK10          100      0       0      24        0.0%
BANK10             100      0       0      25        0.0%
BITBANK9           100      0       0      22        0.0%
BANK9              100      0       0      23        0.0%
BITBANK8           100      0       0      20        0.0%
BANK8              100      0       0      21        0.0%
BITBANK7           100      0       0      18        0.0%
BANK7              100      0       0      19        0.0%
BITBANK6           100      0       0      16        0.0%
BANK6              100      0       0      17        0.0%
BITBANK5           100      0       0      14        0.0%
BANK5              100      0       0      15        0.0%
BITBANK4           100      0       0      12        0.0%
BANK4              100      0       0      13        0.0%
BITBANK3           100      0       0      10        0.0%
BANK3              100      0       0      11        0.0%
BITBANK2           100      0       0       8        0.0%
BANK2              100      0       0       9        0.0%
BITBANK1           100      0       0       6        0.0%
BANK1              100      0       0       7        0.0%
BITBANK15           80      0       0      35        0.0%
BANK15              80      0       0      36        0.0%
BITBANK0            80      0       0       4        0.0%
BANK0               80      0       0       5        0.0%
BITCOMRAM           7F      0       0       0        0.0%
COMRAM              7F     12      18       1       18.9%
BITSFR               0      0       0      40        0.0%
SFR                  0      0       0      40        0.0%
STACK                0      0       0       2        0.0%
NULL                 0      0       0       0        0.0%
ABS                  0      0      18      34        0.0%
DATA                 0      0      18       3        0.0%
CODE                 0      0       0       0        0.0%


Microchip Technology PIC18 Macro Assembler V1.33 build 59893 
Symbol Table                                                                                   Wed Jan 28 18:03:04 2015

                     l42 01CC                       l44 01D0                       l45 01D4  
                     l37 01C6                       l61 014E                       l62 0152  
                     l54 0144                       l48 0234                       l49 023C  
                     l65 01B2                       l66 01BA                       l82 02B0  
                     l59 014A                       l75 0248                       l83 02B8  
                     l79 024E              __CFG_BORV$3 000000             __CFG_CP0$OFF 000000  
           __CFG_CP1$OFF 000000             __CFG_CP2$OFF 000000             __CFG_CP3$OFF 000000  
                    l711 0156                      l713 0198                      l731 0296  
                    l717 01AA                      l735 02A8                      l751 02EC  
                    l729 0254                      l753 02F2                      l755 02F8  
                    l747 02E2                      l693 01D8                      l695 021A  
                    l759 02FE                      l699 022C             __CFG_CPB$OFF 000000  
           __CFG_CPD$OFF 000000                      _ISR 0008             __CFG_LVP$OFF 000000  
                   ?_ISR 0001             __CFG_WDT$OFF 000000                     _LATB 000F8A  
                   _main 02BA                     fsr0h 000FEA                     fsr1h 000FE2  
                   fsr0l 000FE9                     fsr2h 000FDA                     fsr1l 000FE1  
                   fsr2l 000FD9                     pclat 000FFA                     prodh 000FF4  
                   prodl 000FF3                     start 0018            __CFG_IESO$OFF 000000  
          __CFG_MCLRE$ON 000000                    ??_ISR 0001                    ?_main 0001  
                  _T0CON 000FD5                    i2l111 0100                    i2l104 00B0  
                  i2l107 00F6                    i2l803 00BE                    i2l813 00E4  
                  i2l809 00D2                    i2l785 0074                    i2l777 0066  
                  i2l797 00A8                    i2l789 008A                    _TMR0H 000FD7  
                  _TMR0L 000FD6                    _PORTB 000F81                    _TRISB 000F93  
          __CFG_PWRT$OFF 000000            __CFG_WRT0$OFF 000000            __CFG_WRT1$OFF 000000  
          __CFG_WRT2$OFF 000000            __CFG_WRT3$OFF 000000           __CFG_EBTR0$OFF 000000  
         __CFG_FCMEN$OFF 000000           __CFG_EBTR1$OFF 000000           __CFG_EBTR2$OFF 000000  
         __CFG_EBTR3$OFF 000000            __CFG_WRTB$OFF 000000            __CFG_WRTC$OFF 000000  
          __CFG_WRTD$OFF 000000                    _beat1 01BC                    _beat2 013A  
                  _beat3 023E           __CFG_EBTRB$OFF 000000                    _count 0015  
         __CFG_BOREN$OFF 000000                    tablat 000FF5                    status 000FD8  
        __initialization 0324             __end_of_main 0324                   ??_main 0011  
          __activetblptr 000002                   ?_beat1 0001                   ?_beat2 0001  
                 ?_beat3 0001                   _ADCON1 000FC1                   _INTCON 000FF2  
         __CFG_XINST$OFF 000000           __CFG_STVREN$ON 000000                   _timing 0017  
                 tblptrh 000FF7                   tblptrl 000FF6                   tblptru 000FF8  
             __accesstop 0080  __end_of__initialization 0330          __CFG_PBADEN$OFF 000000  
         __pcstackCOMRAM 0001            __end_of_beat1 023E            __end_of_beat2 01BC  
          __end_of_beat3 02BA                  ??_beat1 000F                  ??_beat2 000F  
                ??_beat3 000F                  _INTCON3 000FF0                  __Hparam 0000  
                __Lparam 0000                  __pcinit 0324                  __ramtop 1000  
                __ptext0 02BA                  __ptext1 023E                  __ptext2 013A  
                __ptext3 01BC                _T0CONbits 000FD5             __size_of_ISR 0132  
         __pintcode_body 001C     end_of_initialization 0330            __Lmediumconst 0000  
                int_func 001C                _PORTBbits 000F81      start_initialization 0324  
            __end_of_ISR 013A         __CFG_OSC$INTIO67 000000         __CFG_LPT1OSC$OFF 000000  
            __pbssCOMRAM 0013        __CFG_CCP2MX$PORTC 000000                __pintcode 0008  
         __size_of_beat1 0082           __size_of_beat2 0082           __size_of_beat3 007C  
       __CFG_WDTPS$32768 000000              _INTCON3bits 000FF0                 __Hrparam 0000  
               __Lrparam 0000                 _beatFlag 0013            __size_of_main 006A  
             _INTCONbits 000FF2                 intlevel2 0000  
