

Microchip Technology PIC18 LITE Macro Assembler V1.33 build 59893 
                                                                                               Sat Feb 14 13:29:33 2015

Microchip Technology Omniscient Code Generator (Lite mode) build 59893
     1                           	processor	18F4620
     2                           	fnconf	rparam,??,?,0
     3                           	opt	pw 120
     4                           	opt	lm
     5                           	psect	text0,global,reloc=2,class=CODE,delta=1
     6                           	psect	cinit,global,reloc=2,class=CODE,delta=1
     7                           	psect	bssCOMRAM,global,class=COMRAM,space=1,delta=1
     8                           	psect	cstackCOMRAM,global,class=COMRAM,space=1,delta=1
     9                           	psect	intsave_regs,global,class=BIGRAM,space=1,delta=1
    10                           	psect	rparam,global,class=COMRAM,space=1,delta=1
    11  0000                     _PIE1bits	set	3997
    12  0000                     _PIR1bits	set	3998
    13  0000                     _RCSTAbits	set	4011
    14  0000                     _SPBRG	set	4015
    15  0000                     _SPBRGH	set	4016
    16  0000                     _TXREG	set	4013
    17  0000                     _TXSTA	set	4012
    18  0000                     _TXSTAbits	set	4012
    19                           
    20                           ; 0 bytes @ 0x0
    21 ;;
    22 ;;Main: autosize = 0, tempsize = 0, incstack = 0, save=0
    23 ;;
    24 ;; *************** function _main *****************
    25 ;; Defined at:
    26 ;;		line 17 in file "urt.c"
    27 ;; Parameters:    Size  Location     Type
    28 ;;		None
    29 ;; Auto vars:     Size  Location     Type
    30 ;;		None
    31 ;; Return value:  Size  Location     Type
    32 ;;		None               void
    33 ;; Registers used:
    34 ;;		wreg, status,2
    35 ;; Tracked objects:
    36 ;;		On entry : 0/0
    37 ;;		On exit  : 0/0
    38 ;;		Unchanged: 0/0
    39 ;; Data sizes:     COMRAM   BANK0   BANK1   BANK2   BANK3   BANK4   BANK5   BANK6   BANK7   BANK8   BANK9  BANK10  BANK1
      +1  BANK12  BANK13  BANK14  BANK15
    40 ;;      Params:         0       0       0       0       0       0       0       0       0       0       0       0       
      +0       0       0       0       0
    41 ;;      Locals:         0       0       0       0       0       0       0       0       0       0       0       0       
      +0       0       0       0       0
    42 ;;      Temps:          0       0       0       0       0       0       0       0       0       0       0       0       
      +0       0       0       0       0
    43 ;;      Totals:         0       0       0       0       0       0       0       0       0       0       0       0       
      +0       0       0       0       0
    44 ;;Total ram usage:        0 bytes
    45 ;; This function calls:
    46 ;;		Nothing
    47 ;; This function is called by:
    48 ;;		Startup code after reset
    49 ;; This function uses a non-reentrant model
    50 ;;
    51                           
    52                           	psect	text0
    53  00FFB4                     __ptext0:
    54                           	opt stack 0
    55  00FFB4                     _main:
    56                           	opt stack 31
    57                           
    58                           ;urt.c: 19: SPBRGH=0x00;
    59                           
    60                           ;incstack = 0
    61  00FFB4  0E00               	movlw	0
    62  00FFB6  6EB0               	movwf	4016,c	;volatile
    63                           
    64                           ;urt.c: 20: SPBRG=0xCF;
    65  00FFB8  0ECF               	movlw	207
    66  00FFBA  6EAF               	movwf	4015,c	;volatile
    67                           
    68                           ;urt.c: 21: TXSTA=0x04;
    69  00FFBC  0E04               	movlw	4
    70  00FFBE  6EAC               	movwf	4012,c	;volatile
    71                           
    72                           ;urt.c: 22: RCSTAbits.SPEN=1;
    73  00FFC0  8EAB               	bsf	4011,7,c	;volatile
    74                           
    75                           ;urt.c: 23: PIE1bits.TXIE=1;
    76  00FFC2  889D               	bsf	3997,4,c	;volatile
    77                           
    78                           ;urt.c: 25: TXSTAbits.TXEN=1;
    79  00FFC4  8AAC               	bsf	4012,5,c	;volatile
    80  00FFC6                     l23:
    81                           
    82                           ;urt.c: 27: TXREG='F';
    83  00FFC6  0E46               	movlw	70
    84  00FFC8  6EAD               	movwf	4013,c	;volatile
    85  00FFCA                     l24:
    86  00FFCA  A89E               	btfss	3998,4,c	;volatile
    87  00FFCC  D7FE               	goto	l24
    88                           
    89                           ;urt.c: 29: TXREG='a';
    90  00FFCE  0E61               	movlw	97
    91  00FFD0  6EAD               	movwf	4013,c	;volatile
    92  00FFD2                     l27:
    93  00FFD2  A89E               	btfss	3998,4,c	;volatile
    94  00FFD4  D7FE               	goto	l27
    95                           
    96                           ;urt.c: 31: TXREG='n';
    97  00FFD6  0E6E               	movlw	110
    98  00FFD8  6EAD               	movwf	4013,c	;volatile
    99  00FFDA                     l30:
   100  00FFDA  A89E               	btfss	3998,4,c	;volatile
   101  00FFDC  D7FE               	goto	l30
   102                           
   103                           ;urt.c: 33: TXREG='n';
   104  00FFDE  0E6E               	movlw	110
   105  00FFE0  6EAD               	movwf	4013,c	;volatile
   106  00FFE2                     l33:
   107  00FFE2  A89E               	btfss	3998,4,c	;volatile
   108  00FFE4  D7FE               	goto	l33
   109                           
   110                           ;urt.c: 35: TXREG='y';
   111  00FFE6  0E79               	movlw	121
   112  00FFE8  6EAD               	movwf	4013,c	;volatile
   113  00FFEA                     l36:
   114  00FFEA  A89E               	btfss	3998,4,c	;volatile
   115  00FFEC  D7FE               	goto	l36
   116                           
   117                           ;urt.c: 37: TXREG='\n';
   118  00FFEE  0E0A               	movlw	10
   119  00FFF0  6EAD               	movwf	4013,c	;volatile
   120  00FFF2                     l39:
   121  00FFF2  A89E               	btfss	3998,4,c	;volatile
   122  00FFF4  D7FE               	goto	l39
   123                           
   124                           ;urt.c: 39: TXREG='\t';
   125  00FFF6  0E09               	movlw	9
   126  00FFF8  6EAD               	movwf	4013,c	;volatile
   127  00FFFA                     l42:
   128  00FFFA  B89E               	btfsc	3998,4,c	;volatile
   129  00FFFC  D7E4               	goto	l23
   130  00FFFE  D7FD               	goto	l42
   131  010000                     __end_of_main:
   132                           	opt stack 0
   133  0000                     
   134                           	psect	cinit
   135  00FFAA                     __pcinit:
   136                           	opt stack 0
   137  00FFAA                     start_initialization:
   138                           	opt stack 0
   139  00FFAA                     __initialization:
   140                           	opt stack 0
   141                           
   142                           ; Clear objects allocated to COMRAM (2 bytes)
   143  00FFAA  6A02               	clrf	(__pbssCOMRAM+1)& (0+255),c
   144  00FFAC  6A01               	clrf	__pbssCOMRAM& (0+255),c
   145  00FFAE                     end_of_initialization:
   146                           	opt stack 0
   147  00FFAE                     __end_of__initialization:
   148                           	opt stack 0
   149  00FFAE  0100               	movlb	0
   150  00FFB0  EFDA  F07F         	goto	_main	;jump to C main() function
   151                           
   152                           	psect	bssCOMRAM
   153  000001                     __pbssCOMRAM:
   154                           	opt stack 0
   155  000001                     _c:
   156                           	opt stack 0
   157  000001                     	ds	1
   158  000002                     _timeout:
   159                           	opt stack 0
   160  000002                     	ds	1
   161                           
   162                           	psect	cstackCOMRAM
   163  000000                     __pcstackCOMRAM:
   164                           	opt stack 0
   165  000000                     
   166                           	psect	rparam


Data Sizes:
    Strings     0
    Constant    0
    Data        0
    BSS         2
    Persistent  0
    Stack       0

Auto Spaces:
    Space          Size  Autos    Used
    COMRAM          127      0       2
    BANK0           128      0       0
    BANK1           256      0       0
    BANK2           256      0       0
    BANK3           256      0       0
    BANK4           256      0       0
    BANK5           256      0       0
    BANK6           256      0       0
    BANK7           256      0       0
    BANK8           256      0       0
    BANK9           256      0       0
    BANK10          256      0       0
    BANK11          256      0       0
    BANK12          256      0       0
    BANK13          256      0       0
    BANK14          256      0       0
    BANK15          128      0       0

Pointer List with Targets:

    None.

Critical Paths under _main in COMRAM

    None.

Critical Paths under _main in BANK0

    None.

Critical Paths under _main in BANK1

    None.

Critical Paths under _main in BANK2

    None.

Critical Paths under _main in BANK3

    None.

Critical Paths under _main in BANK4

    None.

Critical Paths under _main in BANK5

    None.

Critical Paths under _main in BANK6

    None.

Critical Paths under _main in BANK7

    None.

Critical Paths under _main in BANK8

    None.

Critical Paths under _main in BANK9

    None.

Critical Paths under _main in BANK10

    None.

Critical Paths under _main in BANK11

    None.

Critical Paths under _main in BANK12

    None.

Critical Paths under _main in BANK13

    None.

Critical Paths under _main in BANK14

    None.

Critical Paths under _main in BANK15

    None.

Call Graph Tables:

 ---------------------------------------------------------------------------------
 (Depth) Function   	        Calls       Base Space   Used Autos Params    Refs
 ---------------------------------------------------------------------------------
 (0) _main                                                 0     0      0       0
 ---------------------------------------------------------------------------------
 Estimated maximum stack depth 0
 ---------------------------------------------------------------------------------

 Call Graph Graphs:

 _main (ROOT)

 Address spaces:
Name               Size   Autos  Total    Cost      Usage
BIGRAM             F7F      0       0      37        0.0%
EEDATA             400      0       0       0        0.0%
BITBANK14          100      0       0      32        0.0%
BANK14             100      0       0      33        0.0%
BITBANK13          100      0       0      30        0.0%
BANK13             100      0       0      31        0.0%
BITBANK12          100      0       0      28        0.0%
BANK12             100      0       0      29        0.0%
BITBANK11          100      0       0      26        0.0%
BANK11             100      0       0      27        0.0%
BITBANK10          100      0       0      24        0.0%
BANK10             100      0       0      25        0.0%
BITBANK9           100      0       0      22        0.0%
BANK9              100      0       0      23        0.0%
BITBANK8           100      0       0      20        0.0%
BANK8              100      0       0      21        0.0%
BITBANK7           100      0       0      18        0.0%
BANK7              100      0       0      19        0.0%
BITBANK6           100      0       0      16        0.0%
BANK6              100      0       0      17        0.0%
BITBANK5           100      0       0      14        0.0%
BANK5              100      0       0      15        0.0%
BITBANK4           100      0       0      12        0.0%
BANK4              100      0       0      13        0.0%
BITBANK3           100      0       0      10        0.0%
BANK3              100      0       0      11        0.0%
BITBANK2           100      0       0       8        0.0%
BANK2              100      0       0       9        0.0%
BITBANK1           100      0       0       6        0.0%
BANK1              100      0       0       7        0.0%
BITBANK15           80      0       0      35        0.0%
BANK15              80      0       0      36        0.0%
BITBANK0            80      0       0       4        0.0%
BANK0               80      0       0       5        0.0%
BITCOMRAM           7F      0       0       0        0.0%
COMRAM              7F      0       2       1        1.6%
BITSFR               0      0       0      40        0.0%
SFR                  0      0       0      40        0.0%
STACK                0      0       0       2        0.0%
NULL                 0      0       0       0        0.0%
ABS                  0      0       2      34        0.0%
DATA                 0      0       2       3        0.0%
CODE                 0      0       0       0        0.0%


Microchip Technology PIC18 Macro Assembler V1.33 build 59893 
Symbol Table                                                                                   Sat Feb 14 13:29:33 2015

                      _c 0001                       l30 FFDA                       l23 FFC6  
                     l24 FFCA                       l33 FFE2                       l42 FFFA  
                     l27 FFD2                       l36 FFEA                       l39 FFF2  
            __CFG_BORV$3 000000             __CFG_CP0$OFF 000000             __CFG_CP1$OFF 000000  
           __CFG_CP2$OFF 000000             __CFG_CP3$OFF 000000             __CFG_CPB$OFF 000000  
           __CFG_CPD$OFF 000000             __CFG_LVP$OFF 000000             __CFG_WDT$OFF 000000  
                   _main FFB4                     start 0000            __CFG_IESO$OFF 000000  
          __CFG_MCLRE$ON 000000                    ?_main 0000                    _SPBRG 000FAF  
                  _TXREG 000FAD                    _TXSTA 000FAC            __CFG_PWRT$OFF 000000  
          __CFG_WRT0$OFF 000000            __CFG_WRT1$OFF 000000            __CFG_WRT2$OFF 000000  
          __CFG_WRT3$OFF 000000           __CFG_EBTR0$OFF 000000           __CFG_FCMEN$OFF 000000  
         __CFG_EBTR1$OFF 000000           __CFG_EBTR2$OFF 000000           __CFG_EBTR3$OFF 000000  
          __CFG_WRTB$OFF 000000            __CFG_WRTC$OFF 000000            __CFG_WRTD$OFF 000000  
         __CFG_EBTRB$OFF 000000           __CFG_BOREN$OFF 000000          __initialization FFAA  
           __end_of_main 0000                   ??_main 0000            __activetblptr 000000  
                 _SPBRGH 000FB0           __CFG_XINST$OFF 000000           __CFG_STVREN$ON 000000  
             __accesstop 0080  __end_of__initialization FFAE          __CFG_PBADEN$OFF 000000  
         __pcstackCOMRAM 0000                  __Hparam 0000                  __Lparam 0000  
                __pcinit FFAA                  __ramtop 1000                  __ptext0 FFB4  
                _timeout 0002     end_of_initialization FFAE                _RCSTAbits 000FAB  
              _TXSTAbits 000FAC      start_initialization FFAA         __CFG_OSC$INTIO67 000000  
       __CFG_LPT1OSC$OFF 000000              __pbssCOMRAM 0001        __CFG_CCP2MX$PORTC 000000  
               _PIE1bits 000F9D                 _PIR1bits 000F9E         __CFG_WDTPS$32768 000000  
               __Hrparam 0000                 __Lrparam 0000            __size_of_main 004C  
