

Microchip Technology PIC18 LITE Macro Assembler V1.33 build 59893 
                                                                                               Thu Jan 22 17:49:29 2015

Microchip Technology Omniscient Code Generator (Lite mode) build 59893
     1                           	processor	18F4620
     2                           	fnconf	rparam,??,?,0
     3                           	opt	pw 120
     4                           	opt	lm
     5                           	psect	intcode_body,global,reloc=2,class=CODE,delta=1
     6                           	psect	cinit,global,reloc=2,class=CODE,delta=1
     7                           	psect	bssCOMRAM,global,class=COMRAM,space=1,delta=1
     8                           	psect	cstackCOMRAM,global,class=COMRAM,space=1,delta=1
     9                           	psect	text0,global,reloc=2,class=CODE,delta=1
    10                           	psect	intcode,global,reloc=2,class=CODE,delta=1
    11                           	psect	intsave_regs,global,class=BIGRAM,space=1,delta=1
    12                           	psect	rparam,global,class=COMRAM,space=1,delta=1
    13  0000                     _ADCON1	set	4033
    14  0000                     _INTCON	set	4082
    15  0000                     _INTCONbits	set	4082
    16  0000                     _LATB	set	3978
    17  0000                     _PORTB	set	3969
    18  0000                     _PORTBbits	set	3969
    19  0000                     _T0CON	set	4053
    20  0000                     _T0CONbits	set	4053
    21  0000                     _TMR0H	set	4055
    22  0000                     _TMR0L	set	4054
    23  0000                     _TRISB	set	3987
    24                           
    25                           	psect	intcode_body
    26  0000A8                     __pintcode_body:
    27                           	opt stack 0
    28                           
    29                           ; #config settings
    30  0000A8                     int_func:
    31                           	opt stack 30
    32  0000A8  0006               	pop		; remove dummy address from shadow register refresh
    33  0000AA  CFEA F004          	movff	fsr0h,??_ISR+3
    34  0000AE  CFE1 F005          	movff	fsr1l,??_ISR+4
    35  0000B2  CFE2 F006          	movff	fsr1h,??_ISR+5
    36  0000B6  CFD9 F007          	movff	fsr2l,??_ISR+6
    37  0000BA  CFDA F008          	movff	fsr2h,??_ISR+7
    38  0000BE  CFF3 F009          	movff	prodl,??_ISR+8
    39  0000C2  CFF4 F00A          	movff	prodh,??_ISR+9
    40  0000C6  CFF6 F00B          	movff	tblptrl,??_ISR+10
    41  0000CA  CFF7 F00C          	movff	tblptrh,??_ISR+11
    42  0000CE  CFF8 F00D          	movff	tblptru,??_ISR+12
    43  0000D2  CFF5 F00E          	movff	tablat,??_ISR+13
    44                           
    45                           ;beat1.c: 70: if(INTCONbits.TMR0IF){
    46  0000D6  A4F2               	btfss	intcon,2,c	;volatile
    47  0000D8  D007               	goto	i2l49
    48                           
    49                           ;beat1.c: 71: TMR0H=0xF4;
    50  0000DA  0EF4               	movlw	244
    51  0000DC  6ED7               	movwf	4055,c	;volatile
    52                           
    53                           ;beat1.c: 72: TMR0L=0x24;
    54  0000DE  0E24               	movlw	36
    55  0000E0  6ED6               	movwf	4054,c	;volatile
    56                           
    57                           ;beat1.c: 73: timeout=1;
    58  0000E2  0E01               	movlw	1
    59  0000E4  6E10               	movwf	_timeout,c
    60                           
    61                           ;beat1.c: 74: INTCONbits.TMR0IF=0;
    62  0000E6  94F2               	bcf	intcon,2,c	;volatile
    63  0000E8                     i2l49:
    64  0000E8  C00E  FFF5         	movff	??_ISR+13,tablat
    65  0000EC  C00D  FFF8         	movff	??_ISR+12,tblptru
    66  0000F0  C00C  FFF7         	movff	??_ISR+11,tblptrh
    67  0000F4  C00B  FFF6         	movff	??_ISR+10,tblptrl
    68  0000F8  C00A  FFF4         	movff	??_ISR+9,prodh
    69  0000FC  C009  FFF3         	movff	??_ISR+8,prodl
    70  000100  C008  FFDA         	movff	??_ISR+7,fsr2h
    71  000104  C007  FFD9         	movff	??_ISR+6,fsr2l
    72  000108  C006  FFE2         	movff	??_ISR+5,fsr1h
    73  00010C  C005  FFE1         	movff	??_ISR+4,fsr1l
    74  000110  C004  FFEA         	movff	??_ISR+3,fsr0h
    75  000114  C003  FFE9         	movff	??_ISR+2,fsr0l
    76  000118  C002  FFFB         	movff	??_ISR+1,pclatu
    77  00011C  C001  FFFA         	movff	??_ISR,pclath
    78  000120  0011               	retfie		f
    79  000122                     __end_of_ISR:
    80                           	opt stack 0
    81  0000                     pclatu	equ	0xFFB
    82                           pclath	equ	0xFFA
    83                           tblptru	equ	0xFF8
    84                           tblptrh	equ	0xFF7
    85                           tblptrl	equ	0xFF6
    86                           tablat	equ	0xFF5
    87                           prodh	equ	0xFF4
    88                           prodl	equ	0xFF3
    89                           intcon	equ	0xFF2
    90                           fsr0h	equ	0xFEA
    91                           fsr0l	equ	0xFE9
    92                           fsr1h	equ	0xFE2
    93                           fsr1l	equ	0xFE1
    94                           fsr2h	equ	0xFDA
    95                           fsr2l	equ	0xFD9
    96                           
    97                           	psect	cinit
    98  000122                     __pcinit:
    99                           	opt stack 0
   100  000122                     start_initialization:
   101                           	opt stack 0
   102  000122                     __initialization:
   103                           	opt stack 0
   104                           
   105                           ; Clear objects allocated to COMRAM (1 bytes)
   106  000122  6A10               	clrf	__pbssCOMRAM& (0+255),c
   107  000124                     end_of_initialization:
   108                           	opt stack 0
   109  000124                     __end_of__initialization:
   110                           	opt stack 0
   111  000124  0E00               	movlw	low (__Lmediumconst shr (0+16))
   112  000126  6EF8               	movwf	tblptru,c
   113  000128  0100               	movlb	0
   114  00012A  EF0E  F000         	goto	_main	;jump to C main() function
   115                           pclatu	equ	0xFFB
   116                           pclath	equ	0xFFA
   117                           tblptru	equ	0xFF8
   118                           tblptrh	equ	0xFF7
   119                           tblptrl	equ	0xFF6
   120                           tablat	equ	0xFF5
   121                           prodh	equ	0xFF4
   122                           prodl	equ	0xFF3
   123                           intcon	equ	0xFF2
   124                           fsr0h	equ	0xFEA
   125                           fsr0l	equ	0xFE9
   126                           fsr1h	equ	0xFE2
   127                           fsr1l	equ	0xFE1
   128                           fsr2h	equ	0xFDA
   129                           fsr2l	equ	0xFD9
   130                           
   131                           	psect	bssCOMRAM
   132  000010                     __pbssCOMRAM:
   133                           	opt stack 0
   134  000010                     _timeout:
   135                           	opt stack 0
   136  000010                     	ds	1
   137                           pclatu	equ	0xFFB
   138                           pclath	equ	0xFFA
   139                           tblptru	equ	0xFF8
   140                           tblptrh	equ	0xFF7
   141                           tblptrl	equ	0xFF6
   142                           tablat	equ	0xFF5
   143                           prodh	equ	0xFF4
   144                           prodl	equ	0xFF3
   145                           intcon	equ	0xFF2
   146                           fsr0h	equ	0xFEA
   147                           fsr0l	equ	0xFE9
   148                           fsr1h	equ	0xFE2
   149                           fsr1l	equ	0xFE1
   150                           fsr2h	equ	0xFDA
   151                           fsr2l	equ	0xFD9
   152                           
   153                           	psect	cstackCOMRAM
   154  000001                     __pcstackCOMRAM:
   155                           	opt stack 0
   156  000001                     ??_ISR:
   157                           
   158                           ; 0 bytes @ 0x0
   159  000001                     	ds	14
   160  00000F                     main@count:
   161                           	opt stack 0
   162                           
   163                           ; 1 bytes @ 0xE
   164  00000F                     	ds	1
   165                           pclatu	equ	0xFFB
   166                           pclath	equ	0xFFA
   167                           tblptru	equ	0xFF8
   168                           tblptrh	equ	0xFF7
   169                           tblptrl	equ	0xFF6
   170                           tablat	equ	0xFF5
   171                           prodh	equ	0xFF4
   172                           prodl	equ	0xFF3
   173                           intcon	equ	0xFF2
   174                           fsr0h	equ	0xFEA
   175                           fsr0l	equ	0xFE9
   176                           fsr1h	equ	0xFE2
   177                           fsr1l	equ	0xFE1
   178                           fsr2h	equ	0xFDA
   179                           fsr2l	equ	0xFD9
   180                           
   181 ;;
   182 ;;Main: autosize = 0, tempsize = 0, incstack = 0, save=0
   183 ;;
   184 ;; *************** function _main *****************
   185 ;; Defined at:
   186 ;;		line 17 in file "beat1.c"
   187 ;; Parameters:    Size  Location     Type
   188 ;;		None
   189 ;; Auto vars:     Size  Location     Type
   190 ;;  count           1   14[COMRAM] unsigned char 
   191 ;; Return value:  Size  Location     Type
   192 ;;		None               void
   193 ;; Registers used:
   194 ;;		wreg, status,2, status,0
   195 ;; Tracked objects:
   196 ;;		On entry : 0/0
   197 ;;		On exit  : 0/0
   198 ;;		Unchanged: 0/0
   199 ;; Data sizes:     COMRAM   BANK0   BANK1   BANK2   BANK3   BANK4   BANK5   BANK6   BANK7   BANK8   BANK9  BANK10  BANK1
      +1  BANK12  BANK13  BANK14  BANK15
   200 ;;      Params:         0       0       0       0       0       0       0       0       0       0       0       0       
      +0       0       0       0       0
   201 ;;      Locals:         1       0       0       0       0       0       0       0       0       0       0       0       
      +0       0       0       0       0
   202 ;;      Temps:          0       0       0       0       0       0       0       0       0       0       0       0       
      +0       0       0       0       0
   203 ;;      Totals:         1       0       0       0       0       0       0       0       0       0       0       0       
      +0       0       0       0       0
   204 ;;Total ram usage:        1 bytes
   205 ;; Hardware stack levels required when called:    1
   206 ;; This function calls:
   207 ;;		Nothing
   208 ;; This function is called by:
   209 ;;		Startup code after reset
   210 ;; This function uses a non-reentrant model
   211 ;;
   212                           
   213                           	psect	text0
   214  00001C                     __ptext0:
   215                           	opt stack 0
   216  00001C                     _main:
   217                           	opt stack 30
   218                           
   219                           ;beat1.c: 19: PORTB=0x00;
   220                           
   221                           ;incstack = 0
   222  00001C  0E00               	movlw	0
   223  00001E  6E81               	movwf	3969,c	;volatile
   224                           
   225                           ;beat1.c: 20: LATB=0x00;
   226  000020  0E00               	movlw	0
   227  000022  6E8A               	movwf	3978,c	;volatile
   228                           
   229                           ;beat1.c: 21: ADCON1=0x0F;
   230  000024  0E0F               	movlw	15
   231  000026  6EC1               	movwf	4033,c	;volatile
   232                           
   233                           ;beat1.c: 22: TRISB=0xCF;
   234  000028  0ECF               	movlw	207
   235  00002A  6E93               	movwf	3987,c	;volatile
   236                           
   237                           ;beat1.c: 25: INTCON=0x20;
   238  00002C  0E20               	movlw	32
   239  00002E  6EF2               	movwf	intcon,c	;volatile
   240                           
   241                           ;beat1.c: 26: INTCONbits.PEIE=1;
   242  000030  8CF2               	bsf	intcon,6,c	;volatile
   243                           
   244                           ;beat1.c: 27: INTCONbits.GIE=1;
   245  000032  8EF2               	bsf	intcon,7,c	;volatile
   246                           
   247                           ;beat1.c: 30: TMR0H=0xF4;
   248  000034  0EF4               	movlw	244
   249  000036  6ED7               	movwf	4055,c	;volatile
   250                           
   251                           ;beat1.c: 31: TMR0L=0x24;
   252  000038  0E24               	movlw	36
   253  00003A  6ED6               	movwf	4054,c	;volatile
   254                           
   255                           ;beat1.c: 32: T0CON=0x03;
   256  00003C  0E03               	movlw	3
   257  00003E  6ED5               	movwf	4053,c	;volatile
   258                           
   259                           ;beat1.c: 33: T0CONbits.TMR0ON=1;
   260  000040  8ED5               	bsf	4053,7,c	;volatile
   261                           
   262                           ;beat1.c: 35: unsigned char count=0;
   263  000042  0E00               	movlw	0
   264  000044  6E0F               	movwf	main@count,c
   265  000046                     l27:
   266                           
   267                           ;beat1.c: 37: if(timeout){
   268  000046  5010               	movf	_timeout,w,c
   269  000048  A4D8               	btfss	status,2,c
   270  00004A  D00A               	goto	l637
   271  00004C  D7FC               	goto	l27
   272  00004E                     l32:
   273                           
   274                           ;beat1.c: 40: case 2:
   275                           ;beat1.c: 41: case 8:
   276                           ;beat1.c: 42: PORTBbits.RB4=1;
   277  00004E  8881               	bsf	3969,4,c	;volatile
   278                           
   279                           ;beat1.c: 43: break;
   280  000050  D020               	goto	l639
   281  000052                     l34:
   282                           
   283                           ;beat1.c: 45: PORTBbits.RB4=0;
   284  000052  9881               	bcf	3969,4,c	;volatile
   285                           
   286                           ;beat1.c: 46: break;
   287  000054  D01E               	goto	l639
   288  000056                     l36:
   289                           
   290                           ;beat1.c: 48: case 9:
   291                           ;beat1.c: 49: PORTBbits.RB4=0;
   292  000056  9881               	bcf	3969,4,c	;volatile
   293                           
   294                           ;beat1.c: 50: PORTBbits.RB5=1;
   295  000058  8A81               	bsf	3969,5,c	;volatile
   296                           
   297                           ;beat1.c: 51: break;
   298  00005A  D01B               	goto	l639
   299  00005C                     l38:
   300                           
   301                           ;beat1.c: 53: case 10:
   302                           ;beat1.c: 54: PORTBbits.RB5=0;
   303  00005C  9A81               	bcf	3969,5,c	;volatile
   304                           
   305                           ;beat1.c: 55: break;
   306  00005E  D019               	goto	l639
   307  000060                     l637:
   308  000060  500F               	movf	main@count,w,c
   309                           
   310                           ; Switch size 1, requested type "space"
   311                           ; Number of cases is 8, Range of values is 0 to 10
   312                           ; switch strategies available:
   313                           ; Name         Instructions Cycles
   314                           ; simple_byte           25    13 (average)
   315                           ;	Chosen strategy is simple_byte
   316  000062  0A00               	xorlw	0	; case 0
   317  000064  B4D8               	btfsc	status,2,c
   318  000066  D7F3               	goto	l32
   319  000068  0A01               	xorlw	1	; case 1
   320  00006A  B4D8               	btfsc	status,2,c
   321  00006C  D7F2               	goto	l34
   322  00006E  0A03               	xorlw	3	; case 2
   323  000070  B4D8               	btfsc	status,2,c
   324  000072  D7ED               	goto	l32
   325  000074  0A01               	xorlw	1	; case 3
   326  000076  B4D8               	btfsc	status,2,c
   327  000078  D7EE               	goto	l36
   328  00007A  0A07               	xorlw	7	; case 4
   329  00007C  B4D8               	btfsc	status,2,c
   330  00007E  D7EE               	goto	l38
   331  000080  0A0C               	xorlw	12	; case 8
   332  000082  B4D8               	btfsc	status,2,c
   333  000084  D7E4               	goto	l32
   334  000086  0A01               	xorlw	1	; case 9
   335  000088  B4D8               	btfsc	status,2,c
   336  00008A  D7E5               	goto	l36
   337  00008C  0A03               	xorlw	3	; case 10
   338  00008E  B4D8               	btfsc	status,2,c
   339  000090  D7E5               	goto	l38
   340  000092                     l639:
   341                           
   342                           ;beat1.c: 59: if(count<12)
   343  000092  0E0C               	movlw	12
   344  000094  5C0F               	subwf	main@count,w,c
   345  000096  B0D8               	btfsc	status,0,c
   346  000098  D002               	goto	l643
   347                           
   348                           ;beat1.c: 60: count++;
   349  00009A  2A0F               	incf	main@count,f,c
   350  00009C  D002               	goto	l41
   351  00009E                     l643:
   352                           
   353                           ;beat1.c: 61: else count=0;
   354  00009E  0E00               	movlw	0
   355  0000A0  6E0F               	movwf	main@count,c
   356  0000A2                     l41:
   357                           
   358                           ;beat1.c: 62: timeout=0;
   359  0000A2  0E00               	movlw	0
   360  0000A4  6E10               	movwf	_timeout,c
   361                           
   362                           ;beat1.c: 63: }
   363  0000A6  D7CF               	goto	l27
   364  0000A8                     __end_of_main:
   365                           	opt stack 0
   366                           pclatu	equ	0xFFB
   367                           pclath	equ	0xFFA
   368                           tblptru	equ	0xFF8
   369                           tblptrh	equ	0xFF7
   370                           tblptrl	equ	0xFF6
   371                           tablat	equ	0xFF5
   372                           prodh	equ	0xFF4
   373                           prodl	equ	0xFF3
   374                           intcon	equ	0xFF2
   375                           fsr0h	equ	0xFEA
   376                           fsr0l	equ	0xFE9
   377                           fsr1h	equ	0xFE2
   378                           fsr1l	equ	0xFE1
   379                           fsr2h	equ	0xFDA
   380                           fsr2l	equ	0xFD9
   381                           status	equ	0xFD8
   382                           
   383 ;; *************** function _ISR *****************
   384 ;; Defined at:
   385 ;;		line 68 in file "beat1.c"
   386 ;; Parameters:    Size  Location     Type
   387 ;;		None
   388 ;; Auto vars:     Size  Location     Type
   389 ;;		None
   390 ;; Return value:  Size  Location     Type
   391 ;;		None               void
   392 ;; Registers used:
   393 ;;		wreg, status,2
   394 ;; Tracked objects:
   395 ;;		On entry : 0/0
   396 ;;		On exit  : 0/0
   397 ;;		Unchanged: 0/0
   398 ;; Data sizes:     COMRAM   BANK0   BANK1   BANK2   BANK3   BANK4   BANK5   BANK6   BANK7   BANK8   BANK9  BANK10  BANK1
      +1  BANK12  BANK13  BANK14  BANK15
   399 ;;      Params:         0       0       0       0       0       0       0       0       0       0       0       0       
      +0       0       0       0       0
   400 ;;      Locals:         0       0       0       0       0       0       0       0       0       0       0       0       
      +0       0       0       0       0
   401 ;;      Temps:         14       0       0       0       0       0       0       0       0       0       0       0       
      +0       0       0       0       0
   402 ;;      Totals:        14       0       0       0       0       0       0       0       0       0       0       0       
      +0       0       0       0       0
   403 ;;Total ram usage:       14 bytes
   404 ;; Hardware stack levels used:    1
   405 ;; This function calls:
   406 ;;		Nothing
   407 ;; This function is called by:
   408 ;;		Interrupt level 2
   409 ;; This function uses a non-reentrant model
   410 ;;
   411                           
   412                           	psect	intcode
   413  000008                     __pintcode:
   414                           	opt stack 0
   415  000008                     _ISR:
   416                           	opt stack 30
   417                           
   418                           ;incstack = 0
   419  000008  CFFA F001          	movff	pclath,??_ISR
   420  00000C  CFFB F002          	movff	pclatu,??_ISR+1
   421  000010  CFE9 F003          	movff	fsr0l,??_ISR+2
   422  000014  ED54  F000         	call	int_func,f	;refresh shadow registers
   423                           pclatu	equ	0xFFB
   424                           pclath	equ	0xFFA
   425                           tblptru	equ	0xFF8
   426                           tblptrh	equ	0xFF7
   427                           tblptrl	equ	0xFF6
   428                           tablat	equ	0xFF5
   429                           prodh	equ	0xFF4
   430                           prodl	equ	0xFF3
   431                           intcon	equ	0xFF2
   432                           fsr0h	equ	0xFEA
   433                           fsr0l	equ	0xFE9
   434                           fsr1h	equ	0xFE2
   435                           fsr1l	equ	0xFE1
   436                           fsr2h	equ	0xFDA
   437                           fsr2l	equ	0xFD9
   438                           status	equ	0xFD8
   439                           pclatu	equ	0xFFB
   440                           pclath	equ	0xFFA
   441                           tblptru	equ	0xFF8
   442                           tblptrh	equ	0xFF7
   443                           tblptrl	equ	0xFF6
   444                           tablat	equ	0xFF5
   445                           prodh	equ	0xFF4
   446                           prodl	equ	0xFF3
   447                           intcon	equ	0xFF2
   448                           fsr0h	equ	0xFEA
   449                           fsr0l	equ	0xFE9
   450                           fsr1h	equ	0xFE2
   451                           fsr1l	equ	0xFE1
   452                           fsr2h	equ	0xFDA
   453                           fsr2l	equ	0xFD9
   454                           status	equ	0xFD8
   455                           
   456                           	psect	rparam
   457  0000                     pclatu	equ	0xFFB
   458                           pclath	equ	0xFFA
   459                           tblptru	equ	0xFF8
   460                           tblptrh	equ	0xFF7
   461                           tblptrl	equ	0xFF6
   462                           tablat	equ	0xFF5
   463                           prodh	equ	0xFF4
   464                           prodl	equ	0xFF3
   465                           intcon	equ	0xFF2
   466                           fsr0h	equ	0xFEA
   467                           fsr0l	equ	0xFE9
   468                           fsr1h	equ	0xFE2
   469                           fsr1l	equ	0xFE1
   470                           fsr2h	equ	0xFDA
   471                           fsr2l	equ	0xFD9
   472                           status	equ	0xFD8


Data Sizes:
    Strings     0
    Constant    0
    Data        0
    BSS         1
    Persistent  0
    Stack       0

Auto Spaces:
    Space          Size  Autos    Used
    COMRAM          127     15      16
    BANK0           128      0       0
    BANK1           256      0       0
    BANK2           256      0       0
    BANK3           256      0       0
    BANK4           256      0       0
    BANK5           256      0       0
    BANK6           256      0       0
    BANK7           256      0       0
    BANK8           256      0       0
    BANK9           256      0       0
    BANK10          256      0       0
    BANK11          256      0       0
    BANK12          256      0       0
    BANK13          256      0       0
    BANK14          256      0       0
    BANK15          128      0       0

Pointer List with Targets:

    None.

Critical Paths under _main in COMRAM

    None.

Critical Paths under _ISR in COMRAM

    None.

Critical Paths under _main in BANK0

    None.

Critical Paths under _ISR in BANK0

    None.

Critical Paths under _main in BANK1

    None.

Critical Paths under _ISR in BANK1

    None.

Critical Paths under _main in BANK2

    None.

Critical Paths under _ISR in BANK2

    None.

Critical Paths under _main in BANK3

    None.

Critical Paths under _ISR in BANK3

    None.

Critical Paths under _main in BANK4

    None.

Critical Paths under _ISR in BANK4

    None.

Critical Paths under _main in BANK5

    None.

Critical Paths under _ISR in BANK5

    None.

Critical Paths under _main in BANK6

    None.

Critical Paths under _ISR in BANK6

    None.

Critical Paths under _main in BANK7

    None.

Critical Paths under _ISR in BANK7

    None.

Critical Paths under _main in BANK8

    None.

Critical Paths under _ISR in BANK8

    None.

Critical Paths under _main in BANK9

    None.

Critical Paths under _ISR in BANK9

    None.

Critical Paths under _main in BANK10

    None.

Critical Paths under _ISR in BANK10

    None.

Critical Paths under _main in BANK11

    None.

Critical Paths under _ISR in BANK11

    None.

Critical Paths under _main in BANK12

    None.

Critical Paths under _ISR in BANK12

    None.

Critical Paths under _main in BANK13

    None.

Critical Paths under _ISR in BANK13

    None.

Critical Paths under _main in BANK14

    None.

Critical Paths under _ISR in BANK14

    None.

Critical Paths under _main in BANK15

    None.

Critical Paths under _ISR in BANK15

    None.

Call Graph Tables:

 ---------------------------------------------------------------------------------
 (Depth) Function   	        Calls       Base Space   Used Autos Params    Refs
 ---------------------------------------------------------------------------------
 (0) _main                                                 1     1      0      30
                                             14 COMRAM     1     1      0
 ---------------------------------------------------------------------------------
 Estimated maximum stack depth 0
 ---------------------------------------------------------------------------------
 (Depth) Function   	        Calls       Base Space   Used Autos Params    Refs
 ---------------------------------------------------------------------------------
 (1) _ISR                                                 14    14      0       0
                                              0 COMRAM    14    14      0
 ---------------------------------------------------------------------------------
 Estimated maximum stack depth 1
 ---------------------------------------------------------------------------------

 Call Graph Graphs:

 _main (ROOT)

 _ISR (ROOT)

 Address spaces:
Name               Size   Autos  Total    Cost      Usage
BIGRAM             F7F      0       0      37        0.0%
EEDATA             400      0       0       0        0.0%
BITBANK14          100      0       0      32        0.0%
BANK14             100      0       0      33        0.0%
BITBANK13          100      0       0      30        0.0%
BANK13             100      0       0      31        0.0%
BITBANK12          100      0       0      28        0.0%
BANK12             100      0       0      29        0.0%
BITBANK11          100      0       0      26        0.0%
BANK11             100      0       0      27        0.0%
BITBANK10          100      0       0      24        0.0%
BANK10             100      0       0      25        0.0%
BITBANK9           100      0       0      22        0.0%
BANK9              100      0       0      23        0.0%
BITBANK8           100      0       0      20        0.0%
BANK8              100      0       0      21        0.0%
BITBANK7           100      0       0      18        0.0%
BANK7              100      0       0      19        0.0%
BITBANK6           100      0       0      16        0.0%
BANK6              100      0       0      17        0.0%
BITBANK5           100      0       0      14        0.0%
BANK5              100      0       0      15        0.0%
BITBANK4           100      0       0      12        0.0%
BANK4              100      0       0      13        0.0%
BITBANK3           100      0       0      10        0.0%
BANK3              100      0       0      11        0.0%
BITBANK2           100      0       0       8        0.0%
BANK2              100      0       0       9        0.0%
BITBANK1           100      0       0       6        0.0%
BANK1              100      0       0       7        0.0%
BITBANK15           80      0       0      35        0.0%
BANK15              80      0       0      36        0.0%
BITBANK0            80      0       0       4        0.0%
BANK0               80      0       0       5        0.0%
BITCOMRAM           7F      0       0       0        0.0%
COMRAM              7F      F      10       1       12.6%
BITSFR               0      0       0      40        0.0%
SFR                  0      0       0      40        0.0%
STACK                0      0       0       2        0.0%
NULL                 0      0       0       0        0.0%
ABS                  0      0      10      34        0.0%
DATA                 0      0      10       3        0.0%
CODE                 0      0       0       0        0.0%


Microchip Technology PIC18 Macro Assembler V1.33 build 59893 
Symbol Table                                                                                   Thu Jan 22 17:49:29 2015

                     l32 004E                       l41 00A2                       l34 0052  
                     l27 0046                       l36 0056                       l38 005C  
            __CFG_BORV$3 000000             __CFG_CP0$OFF 000000             __CFG_CP1$OFF 000000  
           __CFG_CP2$OFF 000000             __CFG_CP3$OFF 000000                      l643 009E  
                    l637 0060                      l639 0092             __CFG_CPB$OFF 000000  
           __CFG_CPD$OFF 000000                      _ISR 0008             __CFG_LVP$OFF 000000  
                   ?_ISR 0001             __CFG_WDT$OFF 000000                     _LATB 000F8A  
                   i2l49 00E8                     _main 001C                     fsr0h 000FEA  
                   fsr1h 000FE2                     fsr0l 000FE9                     fsr2h 000FDA  
                   fsr1l 000FE1                     fsr2l 000FD9                     pclat 000FFA  
                   prodh 000FF4                     prodl 000FF3                     start 0018  
          __CFG_IESO$OFF 000000            __CFG_MCLRE$ON 000000                    ??_ISR 0001  
                  ?_main 0001                    _T0CON 000FD5                    _TMR0H 000FD7  
                  _TMR0L 000FD6                    _PORTB 000F81                    _TRISB 000F93  
          __CFG_PWRT$OFF 000000            __CFG_WRT0$OFF 000000            __CFG_WRT1$OFF 000000  
          __CFG_WRT2$OFF 000000            __CFG_WRT3$OFF 000000           __CFG_EBTR0$OFF 000000  
         __CFG_FCMEN$OFF 000000           __CFG_EBTR1$OFF 000000           __CFG_EBTR2$OFF 000000  
         __CFG_EBTR3$OFF 000000            __CFG_WRTB$OFF 000000            __CFG_WRTC$OFF 000000  
          __CFG_WRTD$OFF 000000           __CFG_EBTRB$OFF 000000           __CFG_BOREN$OFF 000000  
                  tablat 000FF5                    status 000FD8          __initialization 0122  
           __end_of_main 00A8                   ??_main 000F            __activetblptr 000002  
                 _ADCON1 000FC1                   _INTCON 000FF2           __CFG_XINST$OFF 000000  
         __CFG_STVREN$ON 000000                   tblptrh 000FF7                   tblptrl 000FF6  
                 tblptru 000FF8               __accesstop 0080  __end_of__initialization 0124  
        __CFG_PBADEN$OFF 000000           __pcstackCOMRAM 0001                  __Hparam 0000  
                __Lparam 0000                  __pcinit 0122                  __ramtop 1000  
                __ptext0 001C                _T0CONbits 000FD5             __size_of_ISR 011A  
                _timeout 0010           __pintcode_body 00A8     end_of_initialization 0124  
          __Lmediumconst 0000                  int_func 00A8                _PORTBbits 000F81  
    start_initialization 0122              __end_of_ISR 0122         __CFG_OSC$INTIO67 000000  
       __CFG_LPT1OSC$OFF 000000              __pbssCOMRAM 0010        __CFG_CCP2MX$PORTC 000000  
              __pintcode 0008         __CFG_WDTPS$32768 000000                main@count 000F  
               __Hrparam 0000                 __Lrparam 0000            __size_of_main 008C  
             _INTCONbits 000FF2                 intlevel2 0000  
