

Microchip Technology PIC18 LITE Macro Assembler V1.33 build 59893 
                                                                                               Wed Dec 31 19:56:44 2014

Microchip Technology Omniscient Code Generator (Lite mode) build 59893
     1                           	processor	18F4620
     2                           	fnconf	rparam,??,?,0
     3                           	opt	pw 120
     4                           	opt	lm
     5                           	psect	text0,global,reloc=2,class=CODE,delta=1
     6                           	psect	cinit,global,reloc=2,class=CODE,delta=1
     7                           	psect	cstackCOMRAM,global,class=COMRAM,space=1,delta=1
     8                           	psect	intsave_regs,global,class=BIGRAM,space=1,delta=1
     9                           	psect	rparam,global,class=COMRAM,space=1,delta=1
    10  0000                     _ADCON1	set	4033
    11  0000                     _LATB	set	3978
    12  0000                     _PORTB	set	3969
    13  0000                     _PORTBbits	set	3969
    14  0000                     _TRISB	set	3987
    15                           
    16 ;;
    17 ;;Main: autosize = 0, tempsize = 0, incstack = 0, save=0
    18 ;;
    19 ;; *************** function _main *****************
    20 ;; Defined at:
    21 ;;		line 19 in file "traffic.c"
    22 ;; Parameters:    Size  Location     Type
    23 ;;		None
    24 ;; Auto vars:     Size  Location     Type
    25 ;;  j               2    2[COMRAM] unsigned int 
    26 ;;  i               2    0[COMRAM] unsigned int 
    27 ;; Return value:  Size  Location     Type
    28 ;;		None               void
    29 ;; Registers used:
    30 ;;		wreg, status,2, status,0
    31 ;; Tracked objects:
    32 ;;		On entry : 0/0
    33 ;;		On exit  : 0/0
    34 ;;		Unchanged: 0/0
    35 ;; Data sizes:     COMRAM   BANK0   BANK1   BANK2   BANK3   BANK4   BANK5   BANK6   BANK7   BANK8   BANK9  BANK10  BANK1
      +1  BANK12  BANK13  BANK14  BANK15
    36 ;;      Params:         0       0       0       0       0       0       0       0       0       0       0       0       
      +0       0       0       0       0
    37 ;;      Locals:         4       0       0       0       0       0       0       0       0       0       0       0       
      +0       0       0       0       0
    38 ;;      Temps:          0       0       0       0       0       0       0       0       0       0       0       0       
      +0       0       0       0       0
    39 ;;      Totals:         4       0       0       0       0       0       0       0       0       0       0       0       
      +0       0       0       0       0
    40 ;;Total ram usage:        4 bytes
    41 ;; This function calls:
    42 ;;		Nothing
    43 ;; This function is called by:
    44 ;;		Startup code after reset
    45 ;; This function uses a non-reentrant model
    46 ;;
    47                           
    48                           	psect	text0
    49  00FF80                     __ptext0:
    50                           	opt stack 0
    51  00FF80                     _main:
    52                           	opt stack 31
    53                           
    54                           ;traffic.c: 21: PORTB=0x00;
    55                           
    56                           ;incstack = 0
    57  00FF80  0E00               	movlw	0
    58  00FF82  6E81               	movwf	3969,c	;volatile
    59                           
    60                           ;traffic.c: 22: LATB=0x00;
    61  00FF84  0E00               	movlw	0
    62  00FF86  6E8A               	movwf	3978,c	;volatile
    63                           
    64                           ;traffic.c: 23: ADCON1=0x0F;
    65  00FF88  0E0F               	movlw	15
    66  00FF8A  6EC1               	movwf	4033,c	;volatile
    67                           
    68                           ;traffic.c: 24: TRISB=0xCF;
    69  00FF8C  0ECF               	movlw	207
    70  00FF8E  6E93               	movwf	3987,c	;volatile
    71  00FF90                     
    72                           ;traffic.c: 25: PORTBbits.RB4=0;
    73  00FF90  9881               	bcf	3969,4,c	;volatile
    74                           
    75                           ;traffic.c: 26: PORTBbits.RB5=1;
    76  00FF92  8A81               	bsf	3969,5,c	;volatile
    77                           
    78                           ;traffic.c: 29: for(i=0;i<20000;i++)
    79                           
    80                           ;traffic.c: 27: unsigned int i,j;
    81                           ;traffic.c: 28: while(1){
    82  00FF94  0E00               	movlw	0
    83  00FF96  6E02               	movwf	main@i+1,c
    84  00FF98  0E00               	movlw	0
    85  00FF9A  6E01               	movwf	main@i,c
    86  00FF9C  0E20               	movlw	32
    87  00FF9E  5C01               	subwf	main@i,w,c
    88  00FFA0  0E4E               	movlw	78
    89  00FFA2  5802               	subwfb	main@i+1,w,c
    90  00FFA4  B0D8               	btfsc	status,0,c
    91  00FFA6  D010               	goto	l15
    92                           
    93                           ;traffic.c: 30: for(j=0;j<3;j++);
    94  00FFA8  0E00               	movlw	0
    95  00FFAA  6E04               	movwf	main@j+1,c
    96  00FFAC  0E00               	movlw	0
    97  00FFAE  6E03               	movwf	main@j,c
    98  00FFB0  0E03               	movlw	3
    99  00FFB2  5C03               	subwf	main@j,w,c
   100  00FFB4  0E00               	movlw	0
   101  00FFB6  5804               	subwfb	main@j+1,w,c
   102  00FFB8  B0D8               	btfsc	status,0,c
   103  00FFBA  D003               	goto	l620
   104  00FFBC  4A03               	infsnz	main@j,f,c
   105  00FFBE  2A04               	incf	main@j+1,f,c
   106  00FFC0  D7F7               	goto	L1
   107  00FFC2                     l620:
   108  00FFC2  4A01               	infsnz	main@i,f,c
   109  00FFC4  2A02               	incf	main@i+1,f,c
   110  00FFC6  D7EA               	goto	L2
   111  00FFC8                     l15:
   112                           
   113                           ;traffic.c: 31: PORTBbits.RB5 =0;
   114  00FFC8  9A81               	bcf	3969,5,c	;volatile
   115                           
   116                           ;traffic.c: 32: PORTBbits.RB4=1;
   117  00FFCA  8881               	bsf	3969,4,c	;volatile
   118                           
   119                           ;traffic.c: 33: for(i=0;i<20000;i++)
   120  00FFCC  0E00               	movlw	0
   121  00FFCE  6E02               	movwf	main@i+1,c
   122  00FFD0  0E00               	movlw	0
   123  00FFD2  6E01               	movwf	main@i,c
   124  00FFD4  0E20               	movlw	32
   125  00FFD6  5C01               	subwf	main@i,w,c
   126  00FFD8  0E4E               	movlw	78
   127  00FFDA  5802               	subwfb	main@i+1,w,c
   128  00FFDC  B0D8               	btfsc	status,0,c
   129  00FFDE  D7D8               	goto	L5
   130                           
   131                           ;traffic.c: 34: for(j=0;j<5;j++);
   132  00FFE0  0E00               	movlw	0
   133  00FFE2  6E04               	movwf	main@j+1,c
   134  00FFE4  0E00               	movlw	0
   135  00FFE6  6E03               	movwf	main@j,c
   136  00FFE8  0E05               	movlw	5
   137  00FFEA  5C03               	subwf	main@j,w,c
   138  00FFEC  0E00               	movlw	0
   139  00FFEE  5804               	subwfb	main@j+1,w,c
   140  00FFF0  B0D8               	btfsc	status,0,c
   141  00FFF2  D003               	goto	l640
   142  00FFF4  4A03               	infsnz	main@j,f,c
   143  00FFF6  2A04               	incf	main@j+1,f,c
   144  00FFF8  D7F7               	goto	L3
   145  00FFFA                     l640:
   146  00FFFA  4A01               	infsnz	main@i,f,c
   147  00FFFC  2A02               	incf	main@i+1,f,c
   148  00FFFE  D7EA               	goto	L4
   149  010000                     __end_of_main:
   150                           	opt stack 0
   151  0000                     status	equ	0xFD8
   152                           
   153                           	psect	cinit
   154  00FF7A                     __pcinit:
   155                           	opt stack 0
   156  00FF7A                     start_initialization:
   157                           	opt stack 0
   158  00FF7A                     __initialization:
   159                           	opt stack 0
   160  00FF7A                     end_of_initialization:
   161                           	opt stack 0
   162  00FF7A                     __end_of__initialization:
   163                           	opt stack 0
   164  00FF7A  0100               	movlb	0
   165  00FF7C  EFC0  F07F         	goto	_main	;jump to C main() function
   166                           status	equ	0xFD8
   167                           
   168                           	psect	cstackCOMRAM
   169  000001                     __pcstackCOMRAM:
   170                           	opt stack 0
   171  000001                     main@i:
   172                           	opt stack 0
   173                           
   174                           ; 2 bytes @ 0x0
   175  000001                     	ds	2
   176  000003                     main@j:
   177                           	opt stack 0
   178                           
   179                           ; 2 bytes @ 0x2
   180  000003                     	ds	2
   181                           status	equ	0xFD8
   182                           status	equ	0xFD8
   183                           
   184                           	psect	rparam
   185  0000                     status	equ	0xFD8


Data Sizes:
    Strings     0
    Constant    0
    Data        0
    BSS         0
    Persistent  0
    Stack       0

Auto Spaces:
    Space          Size  Autos    Used
    COMRAM          127      4       4
    BANK0           128      0       0
    BANK1           256      0       0
    BANK2           256      0       0
    BANK3           256      0       0
    BANK4           256      0       0
    BANK5           256      0       0
    BANK6           256      0       0
    BANK7           256      0       0
    BANK8           256      0       0
    BANK9           256      0       0
    BANK10          256      0       0
    BANK11          256      0       0
    BANK12          256      0       0
    BANK13          256      0       0
    BANK14          256      0       0
    BANK15          128      0       0

Pointer List with Targets:

    None.

Critical Paths under _main in COMRAM

    None.

Critical Paths under _main in BANK0

    None.

Critical Paths under _main in BANK1

    None.

Critical Paths under _main in BANK2

    None.

Critical Paths under _main in BANK3

    None.

Critical Paths under _main in BANK4

    None.

Critical Paths under _main in BANK5

    None.

Critical Paths under _main in BANK6

    None.

Critical Paths under _main in BANK7

    None.

Critical Paths under _main in BANK8

    None.

Critical Paths under _main in BANK9

    None.

Critical Paths under _main in BANK10

    None.

Critical Paths under _main in BANK11

    None.

Critical Paths under _main in BANK12

    None.

Critical Paths under _main in BANK13

    None.

Critical Paths under _main in BANK14

    None.

Critical Paths under _main in BANK15

    None.

Call Graph Tables:

 ---------------------------------------------------------------------------------
 (Depth) Function   	        Calls       Base Space   Used Autos Params    Refs
 ---------------------------------------------------------------------------------
 (0) _main                                                 4     4      0     120
                                              0 COMRAM     4     4      0
 ---------------------------------------------------------------------------------
 Estimated maximum stack depth 0
 ---------------------------------------------------------------------------------

 Call Graph Graphs:

 _main (ROOT)

 Address spaces:
Name               Size   Autos  Total    Cost      Usage
BITCOMRAM           7F      0       0       0        0.0%
EEDATA             400      0       0       0        0.0%
NULL                 0      0       0       0        0.0%
CODE                 0      0       0       0        0.0%
COMRAM              7F      4       4       1        3.1%
STACK                0      0       0       2        0.0%
DATA                 0      0       0       3        0.0%
BITBANK0            80      0       0       4        0.0%
BANK0               80      0       0       5        0.0%
BITBANK1           100      0       0       6        0.0%
BANK1              100      0       0       7        0.0%
BITBANK2           100      0       0       8        0.0%
BANK2              100      0       0       9        0.0%
BITBANK3           100      0       0      10        0.0%
BANK3              100      0       0      11        0.0%
BITBANK4           100      0       0      12        0.0%
BANK4              100      0       0      13        0.0%
BITBANK5           100      0       0      14        0.0%
BANK5              100      0       0      15        0.0%
BITBANK6           100      0       0      16        0.0%
BANK6              100      0       0      17        0.0%
BITBANK7           100      0       0      18        0.0%
BANK7              100      0       0      19        0.0%
BITBANK8           100      0       0      20        0.0%
BANK8              100      0       0      21        0.0%
BITBANK9           100      0       0      22        0.0%
BANK9              100      0       0      23        0.0%
BITBANK10          100      0       0      24        0.0%
BANK10             100      0       0      25        0.0%
BITBANK11          100      0       0      26        0.0%
BANK11             100      0       0      27        0.0%
BITBANK12          100      0       0      28        0.0%
BANK12             100      0       0      29        0.0%
BITBANK13          100      0       0      30        0.0%
BANK13             100      0       0      31        0.0%
BITBANK14          100      0       0      32        0.0%
BANK14             100      0       0      33        0.0%
ABS                  0      0       0      34        0.0%
BITBANK15           80      0       0      35        0.0%
BANK15              80      0       0      36        0.0%
BIGRAM             F7F      0       0      37        0.0%
BITSFR               0      0       0      40        0.0%
SFR                  0      0       0      40        0.0%


Microchip Technology PIC18 Macro Assembler V1.33 build 59893 
Symbol Table                                                                                   Wed Dec 31 19:56:44 2014

                     l15 FFC8              __CFG_BORV$3 000000             __CFG_CP0$OFF 000000  
           __CFG_CP1$OFF 000000             __CFG_CP2$OFF 000000             __CFG_CP3$OFF 000000  
                    l620 FFC2                      l640 FFFA             __CFG_CPB$OFF 000000  
           __CFG_CPD$OFF 000000             __CFG_LVP$OFF 000000             __CFG_WDT$OFF 000000  
                   _LATB 000F8A                     _main FF80                     start 0000  
          __CFG_IESO$OFF 000000            __CFG_MCLRE$ON 000000                    ?_main 0001  
                  _PORTB 000F81                    _TRISB 000F93            __CFG_PWRT$OFF 000000  
          __CFG_WRT0$OFF 000000            __CFG_WRT1$OFF 000000            __CFG_WRT2$OFF 000000  
          __CFG_WRT3$OFF 000000           __CFG_EBTR0$OFF 000000           __CFG_FCMEN$OFF 000000  
         __CFG_EBTR1$OFF 000000           __CFG_EBTR2$OFF 000000           __CFG_EBTR3$OFF 000000  
          __CFG_WRTB$OFF 000000            __CFG_WRTC$OFF 000000            __CFG_WRTD$OFF 000000  
         __CFG_EBTRB$OFF 000000                    main@i 0001                    main@j 0003  
         __CFG_BOREN$OFF 000000                    status 000FD8          __initialization FF7A  
           __end_of_main 0000                   ??_main 0001            __activetblptr 000000  
                 _ADCON1 000FC1           __CFG_XINST$OFF 000000           __CFG_STVREN$ON 000000  
             __accesstop 0080  __end_of__initialization FF7A          __CFG_PBADEN$OFF 000000  
         __pcstackCOMRAM 0001                  __Hparam 0000                  __Lparam 0000  
                __pcinit FF7A                  __ramtop 1000                  __ptext0 FF80  
   end_of_initialization FF7A                _PORTBbits 000F81      start_initialization FF7A  
       __CFG_OSC$INTIO67 000000         __CFG_LPT1OSC$OFF 000000        __CFG_CCP2MX$PORTC 000000  
       __CFG_WDTPS$32768 000000                 __Hrparam 0000                 __Lrparam 0000  
          __size_of_main 0080  
